11.22418931369595
11.10569796301371
11.10677430402939
-95.81160317503961
11.166727128157452
11.216401893893167
-136.19723995247804
11.238285255970197
11.226650420628095
11.24263216935984
11.166763654290026
11.195964849173793
11.064085783170277
-117.96363878532168
-74.91134446883262
11.136336264782704
-105.05311802033216
11.072936959378127
11.073451823113636
10.93267776887476
-82.33521648159406
11.186121856724206
-50.62335037375628
11.221712480018027
9.767996575036799
8.48164588365691
-97.15339906362095
10.393919515047042
9.26116652023736
10.726214146557005
8.569256705809382
-50.453171158605166
9.20260175657762
8.067410051268965
10.390892242739547
8.991051657941146
-40.96243042043827
9.200264739696191
11.164197066637197
9.279949765125782
-85.88496017716655
10.235513200360346
9.907105106131961
9.906216459576015
8.71102030954118
10.459316117221821
-121.29222199615877
8.445883902470346
-35.21197073899471
10.518183185136472
11.069791146280984
-72.53894908339379
9.776000823859134
10.977426214822207
10.417098009714286
-127.20798270119818
4.914936298757798
10.459201911364456
8.084005471056482
-94.29433630037998
9.253372664722066
8.489857620585035
8.112306521914235
8.909641242612508
-57.563844829303434
10.085664367165482
9.949896920311046
8.187794292191242
8.002518408435117
8.161233353170251
9.790557971695435
-126.33583448710175
9.390641376917793
-65.61512956179503
8.068414862090137
-85.43428497668627
7.95661914814414
9.486315852445292
9.915304944470543
8.784272845301233
9.477558040033989
10.932168968415798
8.730399770976081
8.975396676246696
9.66531240125668
10.922048021931268
8.48760068112393
-131.30994036516137
9.647715243351756
8.263263772529383
10.820105837518469
-34.4133882441093
10.820610414869037
8.853619760460461
11.08566583392248
-98.5395157320849
10.730758338833963
8.95892442224086
-97.93871710954105
10.002477620992293
9.892093756688176
9.271071511642198
10.128060235935843
8.856960525097092
10.637438658052538
10.544958214821822
9.52288231063641
-120.04398191130903
10.628909322416389
8.486776726433071
9.679832511925273
8.95907458170206
9.59673198782529
9.99547663843293
9.528388825457768
8.359811577589106
9.573135069403012
8.630617620461809
10.31407686488518
9.564244964037755
8.763102875883307
10.772028025458724
9.583527726688096
9.020188221735769
8.959679183923088
10.301097247148586
8.087423841665014
10.517562542330023
8.724136188463453
8.826388757509019
8.286457428389294
9.865077102435503
10.747664763697315
-39.12747481221553
8.120910836132563
15.0
10.353984753270609
8.481376565384277
8.803758690171312
-112.07623670769101
10.409259171939262
8.947646861780335
-56.924386076489576
8.759925558217823
10.175167076357557
10.509391625265632
-79.98004490478985
-45.79729343855541
8.1977181257544
10.757632631941256
10.575289251081259
-69.72780791430255
8.784561555327537
9.989141529279653
8.948330888214791
10.26205506997242
8.770855187230023
10.839967320034113
9.310306651969256
10.462341233471609
9.241125876017446
-53.58246563854196
9.078361051708791
9.25493410583412
9.6003980985196
-116.46927481378121
10.204287933217252
9.351032764714514
7.153081412751726
-36.96481531592487
8.14330270802278
9.34660821872177
9.842391417715552
9.380654960363136
9.59246979873248
-98.82239437438574
9.534909901905433
8.472725115479898
-40.300730971435975
10.750373841647473
9.064476354278288
-30.614508927205108
-72.68658580331754
-109.35948338756496
10.774417742535462
8.509269970181927
11.047506412291327
10.231571574498162
9.423129787039933
9.439183104559714
8.086965925574637
15.0
10.876565701378471
8.312257263730391
8.62292366524411
10.023399913422839
-102.72412703412317
9.71419016069052
8.68560830077475
-49.69852510448808
8.654598943620796
8.538028909251445
9.256907753150706
-107.31355364347036
8.502986256900911
9.63750878231555
10.764190008335909
8.846745652585138
-78.89690726984672
8.734724981169059
10.630690553943776
8.327422496153591
-72.7094962242705
7.979933046572269
10.166467022312688
-56.34038357811103
10.191063992143897
10.73091300273935
9.320481520248226
-30.17469832385151
8.395434022576877
8.928888287118074
8.363742595640888
9.321775269840842
8.426926062916115
8.78820670483071
9.367390298419519
8.461239249544331
9.102312857827098
8.55535603833395
9.065652102814138
7.949449704523403
-55.67950725952845
10.567891855778054
10.436424087622399
-31.90796698107886
7.998033308033321
10.478859542209836
9.267245977094728
8.906315652789988
9.332539441515538
10.882135046389106
10.085317654477604
9.74127124826886
-82.35593604062097
8.38599487364026
-63.99144576576495
8.976169593563263
10.37806703713868
8.292754305521662
11.06879163739519
10.119791764927173
8.182211328293693
15.0
9.155977162436663
10.275957186915804
-71.64505186723355
9.400364684245385
11.025067379279053
8.895419425166335
10.563860889009018
9.287862998911034
8.353008601467458
4.8318391883114735
8.088313847918144
8.925481689961737
9.413718192206156
-23.205934820105302
9.845476550746865
9.327134941042912
9.604551052084144
8.73241443696017
8.332720640852443
10.542697393152611
10.750906755239782
-82.59055241793945
9.62688627087345
9.598609507043587
-103.88337742400341
9.166131100634528
10.21427044693617
10.6244177592195
9.402644147336638
15.0
8.834127145185215
8.826260605202604
8.216251863304095
10.664806560196075
9.747417094515818
9.542112361220878
10.764328689208169
9.125945202448591
9.065266222003967
8.107526958466424
8.722623050184895
10.323398487969595
8.985319758435505
-111.63880489740806
10.692234401685525
-105.31344419465161
9.449802019090697
8.609931139891017
8.606504575386651
10.27908316535348
9.356111025338667
9.029590257730822
9.348576237130118
8.42692910016644
9.009203873221537
11.080670402992855
8.743753901931608
10.194224491321034
10.369012324969624
8.777333330425837
9.296214906110247
10.190098561741689
9.695200608556394
-109.78101492788223
10.033569760957342
8.177413596791917
8.653617006728659
10.745088697805755
10.635017624602856
10.588324244638914
8.146932052488644
10.588156746018832
9.493307792534853
-103.07841326639749
10.49368432012732
9.219264151661562
9.742536877811457
-120.98932855633171
9.152634026621334
-66.07154313994279
10.776655477464349
15.0
8.111971768579334
9.60586741763212
8.473362877294333
11.066011462518677
10.63531213325457
9.6595443754061
11.059028839299165
9.547419402880685
9.493885107839635
10.40631583696743
9.259574958704874
9.498962980376858
8.454125892154572
8.633142724924241
8.327874101710538
9.933505475006761
8.41875245737196
9.259258437406427
-69.05839499927517
9.48240737220494
10.781314122217772
-102.68904042572595
10.104977196825981
8.76034108259379
9.663861904167918
9.052402862917056
-100.57190895322996
-86.5102862223625
8.637814426487367
9.84272357229365
15.0
-79.92999607548093
8.50013036565188
9.147878155857768
9.58915165774517
-103.45925445959425
10.094998352364014
10.762404993223011
-112.30307881139815
9.892524148419234
8.215079236091652
11.091023737235473
9.172742138854618
10.769188052160896
9.91229975268585
9.432183026285358
8.207959176160882
9.258912654862996
9.10240613855095
9.600506590685967
10.641077032261922
8.574165209135113
9.548675205318414
8.943565833521642
-104.87839290322142
10.131845616065108
8.814373267672854
8.583218597231802
-114.88376726749344
10.676265418562041
11.00371324477906
11.133372267429605
10.76499647421713
7.934474405004048
9.796876080405285
8.177688244914027
11.162837895779699
7.950139187626231
-116.32992915997873
10.745339336563218
8.084777020769998
11.172573745359518
8.652987601876426
-116.53020916947858
8.538309296761557
-121.0844634829853
9.263077757197411
10.318228075245768
8.475531242082099
9.215210698472205
9.640578437760038
8.948678591774938
8.628194205463647
8.511981057130573
8.577907297179237
8.322560632363512
10.3639265191173
8.051146795925112
7.932195627003397
8.766112597861444
9.17764827897264
10.074595053768178
10.597963692092696
9.86970720914298
10.304268963025084
8.18554362751382
11.19818861585959
9.504897161124717
9.037793978144578
-122.10990428335869
-65.86101356724288
8.881283612947257
10.655613143995392
8.614616745518616
9.634495662811975
8.0550370881354
8.056592948882386
10.21942331594205
10.549176047185782
8.161599932456836
10.771892013862232
10.93000031155751
11.040604577720806
11.171908195801308
11.08568874270771
11.192053706630293
9.781919782952388
9.615012475774872
9.597371579922605
8.361812275449239
10.588463878451217
9.388868040288472
8.484719850109812
8.087505136718658
9.441775678287991
10.259131645373415
-44.96207145392538
8.034674881219836
11.068381272274713
10.181837806663527
9.694926787778943
10.706709980057598
8.204830541713882
10.828245847920007
11.105497783269454
15.0
-92.51748666825924
8.881817992402373
10.751353617845366
8.205187160197735
8.674066661453788
10.42010283865228
9.017578958897767
8.655050229722981
8.842317448820992
9.437201388673186
8.792220371745666
9.401611338400189
9.550837412960405
10.321210651482241
9.01067867173263
9.520778874020504
8.169716026111763
9.381378495139478
9.156751598934315
8.086879652782965
10.169558763351283
8.392125414403445
10.137127052286008
10.192348077975817
9.530276358351063
11.16995743404452
10.096399236068393
15.0
10.007103625305268
8.136428549208127
9.849438268213698
8.749194685860779
10.43285159036246
8.141874096182221
8.524184121502293
9.585725878647061
9.83871767662669
11.047868981787646
10.873163189807538
10.40227860058134
9.881049473862625
8.416350511033956
9.122496611754194
10.035324519793573
9.192740991896413
10.83886002135548
8.810272895828398
11.010001631409938
10.06300836089071
8.085347973157052
8.566675692838452
8.411331981668875
9.476304254442514
10.929160657525962
8.995904517624883
10.550753942282228
8.953973304090047
5.456591827708895
10.135083978500267
8.280976986896384
10.791955530658488
10.196626993207744
8.992957304189467
9.206590075615711
10.89586384245245
9.92656445588392
9.121002302222411
8.298309169892288
8.222589218287762
8.068009175589605
9.693605578452779
8.00471330791731
11.084399368557861
10.907524485667391
8.3853695916196
9.362418087040506
15.0
-128.4087680519431
10.85701871844291
9.90947496641581
10.28490664166763
10.84770853243721
8.522064501067677
-31.159428455715837
9.227071856706587
-87.92719009600413
10.896480448760327
8.361384919136652
10.209844666306363
-100.57430300962585
9.26169538934045
9.439829398734954
8.934637687016163
10.469290203597213
10.48594780877041
10.64068248430436
9.699072105805872
9.26282581711073
10.832192815029316
8.502975809154785
8.107975416099784
10.846225839357311
9.97520044190426
15.0
10.52102045186993
10.447585805130885
8.88125721791091
8.529003536405849
7.963706495925676
7.985869163921903
10.415993795523516
10.074008563680309
9.482907749587461
-84.29732970399851
9.749124052427542
11.09798681159856
5.708905191311128
8.917958840991059
-70.5342284595029
9.92575414013804
9.455016150795704
9.493148754777797
9.839964465853406
10.060368726822524
8.953641415773031
8.55687678749102
8.310149031205526
8.503429981015316
8.268842230101333
8.922714904454006
8.250907983900277
8.914095828478647
9.159658818813739
8.97332409935127
9.73847552718145
8.506505129209575
9.68482826900832
8.753306287811428
8.695713118307903
8.645051387489229
10.812229310768174
8.784417174635752
8.664389577699318
8.217122788477432
10.624571452991816
8.263610329973408
8.0677023172621
8.833206537778953
9.306085989676468
10.596247749525444
8.313166660008015
9.21290905037574
8.525145108683631
10.704046170214053
10.419756871970698
9.1279798975315
8.249784605383251
8.138702879675403
9.580891950136632
9.521170162552202
9.73835832407147
9.365049292439355
-122.03251891043004
8.116112587324617
-65.46161808346584
9.739078766583066
8.386161786208497
9.232525696428734
10.706302933027855
9.913517721319092
9.585326500204587
10.228143493750254
8.976495285409335
10.138715411986412
10.238328809244448
8.249533750819998
9.435465656874293
11.174216696335915
10.348493301061065
9.672437327410712
8.15054570418218
8.373325410621629
-43.085125990117916
8.39983481317077
8.286512283060759
8.779397871967571
9.741945711979263
10.879549975026197
10.493171810209905
8.345033080936574
9.110418221935843
9.26018104384205
9.158488511765363
10.595152166768536
9.76120500137063
9.854935852823008
11.108216996262563
15.0
8.112095939649064
10.08278973984902
8.896670854457161
9.508619866703105
8.027593321207835
10.429789290954798
10.055265215802
-84.01511213764726
10.265762753396686
10.500641964482448
10.401673474928293
9.934245261276988
8.902063516689541
9.81832565768768
8.515113646115033
8.447821636591403
9.214268833029395
9.146295845768744
-72.71933891830467
10.865679775132332
7.999838848669813
9.739907240488934
-116.71389035700808
-108.94796897956837
-85.73454195812722
9.657698852573613
10.596398866610016
8.132718431961413
9.201980246025851
8.88628942392057
10.840331750840775
11.113270492437593
8.971873830323506
9.122912794086549
10.320535620744252
9.244285413032713
9.634441461022858
9.789463079719972
-74.95788553672546
8.293526812408839
10.005061505084392
9.96248123961351
10.24389263025699
-60.49526995339517
9.006905417830662
8.634060215871184
8.106156775463182
8.682832500722203
9.511177297308159
10.982651651669945
9.784117796644392
11.063664420338787
8.486860165807787
10.829618517514666
11.209471879542132
10.863893539969801
8.257515655778594
11.001932566266564
8.282576191924925
8.951389858074368
8.36894736822925
9.672558502493352
10.45835172022814
9.606507744370315
8.463979204696296
10.97904148369392
9.24299558130381
9.564976366700343
9.943197314018875
8.099318882695341
8.461370322587094
9.028642510090977
8.343580507825507
8.223228440283727
8.486802519925316
10.891850848364154
8.398017369434607
9.404281580048945
11.034795302535581
10.35067013909351
8.59243646392863
9.38826290616996
10.541278402985334
8.056064623550396
9.111296337248898
8.41672021319176
10.03129062190717
8.283737588307794
8.40862018147292
8.805537573942523
9.221942062862762
9.656942770668321
8.173674567981339
10.367310258398685
8.540869472510598
10.79751323188337
9.128057605605441
9.077695328423442
8.016264508901507
10.524926187070733
11.157912452469322
10.086106302489299
-31.775128712320107
10.714361719893853
7.982248420270914
8.075144100093164
8.68854285314326
10.119333598969769
9.613146838989731
8.491911547293075
9.212161738453545
10.317697380084317
8.196116227079342
10.428806520283729
9.673220984170744
8.417035112721102
9.994566443100013
-116.27824434623653
10.526695243479372
9.831426345858496
10.848940198959248
10.803581542400625
10.213233117994765
9.862916965276602
8.654198656496867
8.041366169729788
8.682467655440874
11.160692126086829
10.263445491034513
10.545454817165282
9.885669264727337
11.01788289907934
9.879859626781794
7.961276504781782
10.852488999752309
10.302775069603458
8.544452846454652
9.291888619893204
10.833167208788609
10.397697225727182
9.65034156368916
8.06423157897552
-110.59993790128131
15.0
8.104555227819997
8.105656749581524
10.628134747778875
9.125159733370133
9.509594194718993
8.70962583539508
10.029651096927353
8.17949625584988
9.909350241341272
8.366743843712463
9.680242694181606
9.081664871595192
-103.4797551105045
9.728635214977151
8.349049562357262
10.498619188893954
11.18361495893232
11.236403252512716
11.037398504497435
11.243333102563312
8.478899134735965
9.795069062957495
10.910314091409738
9.767677376294607
9.446873669250252
9.519600377450509
9.254778461038965
10.49679277613112
9.871813429033534
9.636605876485312
9.307734884715876
-107.72169548236639
10.408536659076038
9.362378894304145
8.450690392692737
9.694036531565803
10.938621416389868
11.108836374180248
10.362168106371552
10.082117848326856
8.29227308033473
8.69064112123605
8.46874530998894
5.605130039771359
10.296388485217822
9.272537332059668
9.553420733385293
8.071429012892697
9.22965534172475
9.214159306017471
8.554937881314075
9.853912323751523
9.071681432984708
9.93521602354471
8.397082597559445
10.566383736448387
8.90853197208418
11.225833438326056
10.227359719775615
9.288487617540845
8.061835182553091
9.32310697407872
10.773415040450113
8.204401178484144
9.255137506146998
7.977417574727966
10.468395786593263
8.36249281426689
9.330081967696964
10.54385987803909
10.540185055432687
10.805964088131677
9.590894527740334
8.520861553037687
7.998673205819573
10.364387164863235
9.405486931338181
9.652662347604403
9.862812689771221
8.323936075362397
10.761503431047423
8.445348618916155
8.56350077783722
10.25763485993576
9.170283033033357
8.349634437179123
10.86868494489191
10.093857006607909
-36.713453095525765
8.168244765141907
10.0631252936397
9.507708340928192
11.019013772678468
9.920833682922758
8.237766366577024
10.941987857176013
8.798807959517028
9.138070553832687
9.49579306867488
10.307569958882262
9.341068342799751
8.520733439409227
-71.07174470366067
9.483269901080757
8.09492900151167
-134.81503476723162
-108.36116988716178
7.840348417382461
10.230233145389523
11.020711300850806
9.59996115378586
-68.93174641812902
10.971237143611596
9.086977330780098
8.190073309294618
9.726187369037781
8.818907212590252
10.193727232410101
9.927558795622428
8.6540241423486
9.555070345361713
8.07994866714125
-104.09498246953584
-29.373052403511757
9.36590351408445
8.2424062807526
8.002526229596612
-61.37859878515956
11.126310053084566
9.295177948216278
8.341061284204047
10.671332220140158
9.69152648934018
9.768589973658841
10.629340322918692
9.4450242070089
11.067863806113163
8.519934863634282
8.84680187859197
10.63646315877635
10.692402597610586
10.7288325307384
9.563802479666755
9.97745630580887
8.287689583003047
10.017164145756691
9.63405041123082
8.44181347846365
10.136920047027818
8.705379018578753
9.403845166269091
10.275602991965282
8.832363475150206
9.657707237877357
8.078385828105892
8.242264433764618
9.920047792097371
10.514785406751269
8.269726175708849
9.178763387007342
10.367118260320009
7.918715692560994
11.062684664328227
11.081983742674074
10.319939656549977
8.797584616526922
10.767535650259289
9.666764634173415
10.073136968565379
10.270034756011796
8.520350723140016
9.233934294131634
9.450850221137166
10.972189842136263
10.07656759790762
8.114124324009587
9.38151109365837
7.902266416600153
8.038375604926177
10.677171724905097
8.727369199557861
8.458964347866377
8.803206448590982
-83.79415304758373
10.354199890925964
9.736207808713175
8.23193272629736
9.893241960110096
9.930021074499779
9.487937277845868
10.482103020140958
10.586056376923763
11.006963468319977
10.331830541581015
9.162584263034946
10.519076454312248
-46.46566671619503
-92.26290980777144
11.240411960480998
10.597672416090443
-73.203703016464
8.617583424267231
10.790670257046777
10.403855600458623
9.899862840696134
9.33527270065214
8.03440787275657
10.688075550693284
8.588358024446451
10.266049344275938
-28.392466188646164
9.137656126244188
9.246310278583529
8.051213534299347
-107.96675283092222
9.929334670976282
9.616849460889377
-61.087391150807704
8.492920031150813
8.260405453224458
9.111214570152434
10.762235155772043
9.145502085437997
11.108513467342236
-43.07666334135216
9.014570021396736
8.68565551812388
10.204621549453318
8.554930631704675
9.967139629846908
8.90908853055877
8.61251636686239
8.068529611374192
8.2965518740629
9.17907111355019
10.657217173354656
10.348654668975753
9.21576817911177
9.43234325860957
8.366065843358932
8.483801081254775
9.360484229892204
10.029801485530758
10.8938071858239
9.52787870193645
8.613207449610877
8.649161290485123
10.050100765813148
10.51017240658923
9.92744671190253
9.127082790841982
9.17958233046885
10.235658565026085
8.831434270694064
11.21849817088161
9.83640187799502
10.798115004988556
8.905236398840879
10.841827340637405
9.53601171529603
10.47120379983448
15.0
8.717678455407093
9.571506479847542
8.670790297433635
9.040990557737766
10.374913792440257
8.827306280467829
8.669485646997224
9.026599172083111
9.196923404551043
-116.88898182874664
8.694525781995688
8.797740018446937
9.031149361794036
8.981052217202603
10.737180441154536
10.443050559398404
9.721941444872844
9.717431057039445
9.156868376151387
9.801348974363602
10.385763344211227
8.436063228294895
9.106722730099314
10.653702636630154
8.854723087618854
10.017206958655548
11.02988949276482
8.946474504238138
10.247571460636902
9.835742224838036
9.26056446951231
8.03835216996963
10.155193757136168
10.219646126615373
9.323030120851744
9.533704181838027
10.18128930125672
8.926006320613011
9.05159771170571
9.154250348566137
9.534858477950543
10.109267926065112
10.046111448219941
10.6699476323635
8.354664117331144
10.847342726252279
8.935479866323679
8.580319506457663
9.962933652641789
10.822300265159427
9.430996532465699
8.053777662828693
8.912798023162583
8.532816203666588
8.72621305885437
9.201811238470901
9.964491585165902
10.768715545049055
8.822962235988182
-70.68410753255112
10.64547369887182
-33.85253525099384
8.908918305755826
8.210914603979722
8.788260821178664
10.464262100564405
10.263432350648415
10.277454677998728
10.606591985577161
10.564287118298687
10.302923912990115
8.912518042043297
10.090775765970506
8.135027039755705
10.764096130806497
9.829908119093627
9.868644280083247
9.94247658255682
8.106304216572756
10.40198617326529
8.489284227979315
9.229188375702808
9.654014301982546
10.748207919784154
8.755230839187098
-26.91706494898468
9.038920744229973
10.264965191633134
8.79420073954378
-66.13422259036233
10.554012297066414
9.362906129447538
11.152795248965283
8.479443189865382
11.144487659271904
8.91303353930361
8.605146612623573
-119.56169454150506
10.667122832307676
9.611586437630928
9.031310534813816
9.212455979639305
8.505381776494586
-55.75879601408102
9.110733923994331
11.125126434066585
10.815210263850197
10.178504242801758
10.279847208836948
-125.93707162366205
10.311628709497501
10.911008616817401
8.468951916536405
9.617547185123726
8.954384007348324
9.714940934240072
9.300200015908178
10.017895889909681
9.97940424017923
15.0
9.518102661631488
-29.187464309996408
15.0
9.478903858590527
9.053295179385206
8.862414151633754
9.614619617965243
10.656773258898792
8.428672521553478
8.311201485209361
-139.44025998312767
10.01744332757199
9.500839721907102
11.024656560353662
11.109116691976109
9.737716452368588
9.914829727397269
8.656052077183794
10.719909752801021
10.813799118242901
10.870732307984195
15.0
11.168276384237133
-70.96467827509338
9.28065849362877
9.599040172958212
8.617015690802878
9.13946144312865
-65.87425977307538
9.451171225264257
8.085418456846774
10.272284148319287
8.227384631708478
-90.36393936951463
9.988098303005813
9.036602421326265
9.044933112830705
10.942592534596656
8.981220327621891
8.452793355176983
8.8436316867262
9.453662795547732
10.365473880580163
8.153685202770482
10.35606627811783
8.451852939801906
11.179344779393228
9.88442057383543
10.053445708919327
10.739258846499325
9.09898726768185
8.947814234943717
9.492886276743116
9.224010653343084
8.666251330424267
10.48643440905381
10.862073318319245
-92.51593121815844
9.938645205955948
8.633036676559945
10.484185645910838
10.891035995873686
10.729319264456418
9.103770767600434
8.616438310879818
7.987745165093782
9.175795416985377
8.82545306848999
9.746948450084338
10.02281074621293
10.092519968820877
8.641705311870648
10.61939000928507
9.540362481160791
8.213542161553583
11.131697160384434
-71.61861237834492
8.990458998856056
8.673792421231887
11.11236105168323
9.62881453769565
8.844787447101854
8.06983450287321
-55.96977091574156
11.241043558655603
11.186904618059943
9.574665829826738
15.0
8.84400207892451
10.033267073298209
10.290726792861742
8.60521312067478
10.926264642223742
9.019540542770525
9.50515956076333
8.088185821469999
10.573647510410241
9.949712282983686
10.447229387279876
9.18872677368142
10.1362650834003
8.007095743515649
-31.72609364360916
-24.599347181029245
9.467763189121031
-67.8293128588486
8.242797226807548
-38.85636360254978
10.694928439913435
10.283085650736856
8.627952785005892
9.517502287178207
9.99842265115652
-52.32813187280928
-124.57110791847697
8.910159870478063
9.571146656723675
10.800466408727535
-44.70915443797705
10.51254267321422
10.907137460055706
10.397384640051204
-120.97980155272649
10.908408264694323
8.58956349705782
10.58938707366573
-33.481581864663546
9.412796799874336
10.582724924666453
-45.09446765868762
8.523481632046114
9.386698605947295
8.505496071588393
10.299205183396854
8.620204522926596
9.53794420505212
9.612345667963371
8.398995178815762
11.18839553102022
8.574155555809401
9.72807550627962
9.111022990689683
9.219332065068313
9.920255794711558
8.78192455613899
8.452424578107145
8.079545319365604
9.993294067212208
8.806405866076712
8.296876432414997
8.389868127524872
-78.65144940365401
10.16580556234
8.800296670865734
10.607397531553184
8.881625633331176
8.585491839875951
8.128290998046026
8.089721727338294
8.43507695486829
10.326430122329814
9.840333500995907
11.11925272242713
8.547826806311924
10.654780658841458
8.362542651795243
9.967882162273652
8.775328340008105
8.682406119607318
9.623362292078905
10.524879036008793
10.837660546452014
8.863381539503537
9.665594121982299
9.125127921912625
8.72381271134934
10.90375952338669
8.28306727948687
7.920686019612755
-58.03626701120353
10.932334318031822
9.782276364850283
8.592329392909875
8.228390009471948
8.909605828838266
8.894911618383706
8.818326161399124
-31.451540174423773
10.8224301553342
-70.44340909201294
8.813492718014038
-37.2768487128827
10.127315124377285
9.212445961857464
8.64248887943186
8.074001490278219
8.91682630515852
11.053168105308812
8.931500616299811
10.05900543872438
9.454220223584162
8.97246214420764
9.288978823254165
10.416160345043458
9.558570724424536
8.952303785133457
8.754261904905022
9.315933917160715
10.511634736015864
9.848382770942859
10.893644856193564
8.590423026557582
9.533433679412026
-33.26660639479875
10.273132358004732
-72.9830157784121
9.578221561411704
10.54853435370471
11.163592199735374
10.79280794906694
9.767453451918357
10.309479848507788
9.107470785645845
11.01580267595494
10.866747252467984
10.621389475202418
10.716688454091235
10.342242495166184
10.784468830857499
8.566204272316297
8.528614974249894
9.120083256146273
8.25979888111942
8.780148017202531
8.851994172812528
9.142512948858872
8.578310617910457
9.656622419451692
8.820899902731092
9.85452661633757
8.621422053181519
10.495787004756313
10.146757112820955
9.463120048878157
10.535525765694771
8.386541455216209
9.109622847915062
5.47562323411838
9.250950923975267
9.200432101034945
-71.01211495849968
8.61283465964966
-36.48673275074188
9.313070092799956
10.315261783922026
8.185058177623837
9.583881672779539
8.70812179984997
-87.34086817385747
9.478564153298546
8.58349244262254
8.661463467716452
11.155620155685076
9.28130346483059
10.450608741799913
8.269849988227877
8.62934045280561
8.719488222959761
8.04646638632283
9.690990812367794
10.74433460661578
8.199978309853883
9.598407848820202
8.266965414341747
10.437427667385476
10.730961930373475
10.428682674501397
9.216842907435623
8.137344710852421
-44.34330424586338
10.220592854078124
10.016120515282655
10.319699875239426
8.265474979551891
8.13759743271978
9.688038764636866
8.225564626192323
8.13767762935322
8.50156486813165
8.91127997374615
-118.4424904680856
10.680902478873705
8.526252649118788
10.58832367093544
9.869495628746709
8.332797610026343
-104.80217141961012
9.778299017694577
10.981251060176206
9.710101314931556
8.261544844195623
8.454035953912436
10.52199874961518
9.855298229525332
-95.50863487356708
-132.38848181234977
-38.47872245793016
8.756801551841344
9.997870046128838
9.176963055719078
8.437741300779823
8.924535287346224
8.778295407921734
9.824207208949964
9.870184156563909
10.498768682364922
9.39180735949175
9.042725172636668
9.649858213049455
9.698340383980065
9.052260033329691
8.381186761689806
8.986518751336334
9.054038109699562
-109.48963331234489
8.95062565879907
-36.5870358316731
-67.93113947855083
9.168399323285637
10.03824021949583
11.178273191490344
11.241309326522764
11.162397862686362
-112.98677152369893
8.94066666570898
8.973248070541201
8.793218167100424
10.740922784321443
-103.10478722008818
10.932213570231523
8.92635969660645
-50.410505283412924
9.73633120061201
-69.30866269379412
9.082086968482727
8.399591357157657
11.103435813672672
-36.52246300583833
10.264641059330213
8.79438386094964
-124.56068993246168
8.90399115862959
9.057456277385779
9.183574210854244
11.058094665953313
-54.13271878334179
8.251801405440967
10.355979956439658
-60.70904846566674
8.468530634457018
10.634909383576137
10.73952674360588
8.609961905642999
8.490026214094426
9.007229034665688
-71.3045089843842
9.006943151475504
9.980977791337748
8.976732103102147
-47.71796748690117
8.36460870848747
8.268738865589722
8.818505709039947
9.696737737901692
9.964894659199876
8.319124448337828
10.31162311251736
8.966740454815785
10.21011518422863
8.761383833288935
10.157624416166223
10.360058458775356
10.231900104418965
10.25120655795726
8.8176506699868
10.321659280936782
11.237158843907375
11.11389634864198
8.846942767244528
8.45721862631955
10.612716574194293
8.437092146863554
10.61845753711191
10.06860406064437
9.445605612163572
8.210366749326534
10.96329089517615
9.943506698553778
10.909136410154161
8.677020042564168
11.229109783582285
8.715792954036226
9.487071728896304
8.441359747301966
10.36323273330772
11.134102781761719
8.231866691992343
9.349441680256493
8.566905256572529
9.97726780160297
9.248014029767601
8.137182669974736
11.084465923468443
8.67353518321323
10.64522748723166
10.093907298585005
9.638606858167536
10.3552971859729
8.9282405071237
11.07501168535124
9.31797478278902
10.003599704029504
9.479167045157684
9.456462483048778
9.85485239749845
10.993634604878826
-26.217680156112927
-98.3485707258339
8.341868236747027
8.889170532877404
-50.36673668020046
9.297988154856004
10.379827991270847
8.099566061143495
8.238797242426912
8.366138101054284
11.025035026351366
10.529696434490717
9.694010755725188
8.814586904941459
8.939565205484012
10.012933490113031
9.269347802916977
9.385285538724037
10.680166323959892
8.055390887614134
10.275037305552942
8.89091312874358
-101.5327062863682
8.126449949062003
-130.5563984394378
10.780448955418734
-45.754667647869184
9.410910344187231
-115.21964608496117
11.068210418821977
9.36077176315337
10.293541393656929
10.516971903671017
10.65839565208616
8.09227940582716
8.146196862173756
9.440786468077782
-96.25800681713233
9.865284526853314
10.626519525731624
10.938812435374015
8.898640403007764
10.811836854123644
9.07777721294347
-84.45293879038903
10.062617903808889
8.917545846340817
9.805253943406308
9.084704122722883
8.577674882556808
10.374889974220613
-123.86641419904271
8.967194777640847
9.235210972529941
9.078287249883328
10.650068687765232
10.041041715818789
-105.8993048613067
10.314546739862857
8.462751006648638
9.655958080424927
8.656322208916452
10.37708646766238
9.130323901005095
8.161290627008132
9.305017648383211
10.858300528852375
9.10572818871672
9.97888601299241
9.89950139594944
8.87085450853757
9.759740435256589
9.965361616716692
9.055573060186656
8.297281260088251
9.174165776471744
7.478091862261191
10.973035083856404
9.03507761813895
8.14033802154347
9.142867925355944
8.473668636593189
10.077699624882335
10.106864355172798
10.407758297928776
8.177454221761241
-114.55270244628197
10.937694245707789
8.951641105986317
9.447419894739062
8.53497256739039
9.543181000296489
9.886996777316414
9.357050676486931
9.50573310240765
8.326660552807827
-95.72694452313739
10.988821905351362
10.879365089814062
-129.73045992935187
10.63938848237186
10.437373796587803
15.0
10.908755184860631
8.599731240412016
8.558478399609271
8.584761767632362
10.062118425026856
9.439623817807638
8.159485944568171
7.992651226963156
10.321110753379859
-58.39435785225385
10.363627703632234
9.704722209765826
-111.21111496763899
10.358009770855293
9.722335881755402
8.183256350205102
15.0
7.133848841546506
9.59500763299203
8.869298162322696
8.859951250344883
9.537229910621239
8.96551910728949
-38.87740455315954
8.836207528144055
-67.26984950776954
-55.17481043202669
8.76995817953117
-64.62541390678551
8.657088283308902
-63.64614185543732
10.672913080557706
8.563210201677972
10.006753230991873
9.066960753526025
9.26418532001814
9.517487489550922
8.986342978248956
10.485522081836969
8.462472743683874
10.196513954159862
8.629591905945414
9.297660517876743
9.556068699016812
9.265641914017321
-53.771026553342644
-122.43990181139719
9.498467727088174
9.289656028803321
8.965504863942002
9.43414482010845
10.76022624253366
10.056780339193843
11.246966494756748
8.564579065770388
-129.01715022341955
-65.24538066295442
-94.00864837828104
10.855861025413729
11.098103415839233
9.971767177221519
11.002312728370867
-78.87585776700284
9.205752273979993
8.362695747883393
8.708871827312745
9.94144583352959
8.714334825911394
9.469585224721303
11.205794531213057
9.292527520752252
9.749921232243828
-34.161767569249236
-105.15400652582602
-66.46532094856411
9.906946235586366
9.368028861597782
8.508339610570506
-73.34475848835743
10.558007883188749
9.239994804746923
9.65578832173864
-96.46962122352969
8.446857232802941
10.847874347359681
10.933356259104592
10.532578013681619
9.049277848334562
-102.40821522334576
9.67986172476905
8.738477637460406
10.562738768780822
9.190805230551714
8.634536150334515
9.117367395221141
-108.6968029859119
10.35150032048991
9.359199515302102
9.24696204826956
9.133692566785022
-67.00579763133467
11.107742506207527
9.300630983310642
8.681009423016324
9.209832730876467
10.089600391015763
11.19359966502488
8.132189581968895
8.561783252192587
9.450423562470414
10.5573590812519
9.854668621790406
8.615026820522518
-76.63817637686472
8.220567524908429
11.063630305221697
11.027247679785052
9.042761673195965
10.088839925932126
11.113527057699075
11.125540776740419
-96.95243687403152
11.036697230473528
11.122468057114002
9.705308066461129
8.731758094345825
-73.474883756185
9.017208908565793
-97.1932267798525
9.121404105955278
10.93329520986557
8.347166135748482
8.203581014974088
10.268605943467424
10.140815805214466
9.841998518693192
9.649944193406435
10.150793446271354
10.069018949485537
9.048779193835657
8.111842287491875
8.88599120770977
9.041554780752083
9.615919508662886
-121.01331161779015
9.480866108932588
9.11309696862201
8.64321607221258
-78.54474164411462
10.367784415940404
9.273236290817017
10.6183345246352
10.933333470407284
8.784656145575674
9.552071784506733
9.631441108516391
9.830602123081057
8.917709705624857
10.638367640828838
-66.41125475537817
9.092227822004043
8.275915447799225
10.76904353872847
-89.65287631381753
8.528759186029493
9.236344466214497
9.9414455861031
9.390911864965705
8.699294523827096
-44.46353392330505
-35.029463695632444
8.602416476201883
-114.32617801807794
15.0
-121.0308994776833
9.4118855085745
10.784234665952706
-55.06873620953517
8.841305873001701
10.18620843617323
11.09841433577533
8.743424457018751
8.102590491081465
9.220286685797682
10.908858093404344
9.531469900608322
-97.27549657268553
8.646637989458416
10.246493342257327
9.041807341143475
8.782511401733853
10.006781865751645
9.674539242946917
-68.15451960064146
10.233116038671826
9.004026286421414
10.733676461546132
10.577866053893967
9.013673940003049
-119.02510019134893
8.506180627507952
8.752301585567775
10.067663103232432
8.091265756004443
10.434703109402154
8.904571379446638
8.303510635309635
-50.87081753835856
9.480272073996426
-67.53150800819091
9.045545123384004
-66.76196842972121
-56.078399435633976
8.466871306479261
9.207856502256032
8.955925763183266
8.928503502997462
10.107367679146957
8.33701221537368
10.75305391764141
8.65852664523639
10.682226802117448
-68.92366893233347
-79.09422612547084
10.584018513158151
10.779032316737538
9.04363688449305
8.587602198069252
8.772579890464472
8.39613775156959
8.777554613906656
8.149083136357326
8.655974601035155
8.970410003067009
-93.50611778086038
6.775531989256784
10.60139702041107
10.230458265771746
8.650311872271121
9.453567964067378
9.264600177725551
10.69006228370354
8.262177118399261
9.12991905808332
10.17556237319841
8.749111748409003
8.68539117986834
9.418720112235615
8.311383865889596
-40.348759302194416
8.757108752572307
-84.14305940739155
8.952398288377749
-69.68651704095147
11.156781665987513
9.39591121499227
8.756376353568939
9.342064432716892
8.644421844740062
8.93705163837703
8.808502091618838
9.647452191132274
10.558214704820621
11.1478285162747
10.05967669764053
8.709652835044547
8.485563146491792
10.453339467889611
10.49372754845663
8.332530294678584
-86.724031980792
-30.522109411262935
8.264431519633566
10.351381298509153
-89.69835642481347
10.010159898888386
9.53867636640923
11.01927154269741
8.238532462742405
9.667878719399585
10.937860467060425
9.441031380277902
-116.49345867991978
9.014947870176044
9.108466983339756
8.503995569417206
-144.59258967011527
-28.1765736326899
10.058854971142763
9.638777929723293
8.292151976942993
9.26350601333148
-93.67067361368676
9.394871392999013
8.722724909359869
10.91553484886847
-110.04560122025629
9.559926388572682
5.878209868053169
11.115383592414233
10.253521066403033
10.528763216082236
8.765434484291342
10.715612895016333
10.70550011742274
11.245739826329238
10.600609133624605
11.05779317324075
8.994857262209752
9.482353101878806
9.878115258551592
8.792760192313146
10.058587065534924
10.406275742640352
8.190197984089457
11.12314911282719
10.377129661628473
10.803346398803182
8.847400108613893
8.656418432389035
9.496682341574697
-81.21609909045091
10.969580696717578
9.330053209679951
9.639815072695813
8.83969827551784
9.285858299814652
8.138514386315581
10.813277358832222
9.95719646206003
10.416567370578507
8.6232236048397
8.827059128036542
5.194471491268311
-96.93889840693942
-99.0856361436221
-128.98488690754706
10.880841885228422
8.458701170854827
10.383759725401188
9.013607094876715
8.608878551269104
9.773391484106646
9.380223672337697
10.806878722455195
10.805479355826971
10.757886500230168
-80.54290491533348
8.058712244313707
10.30297702824183
10.554420322743933
8.305029600534942
8.174147118413579
11.117537919211085
11.09184412731469
11.230381748107064
11.11366477795069
11.216466853479478
9.927782858882562
9.506740040227566
10.511647778193096
9.573592699021852
8.42312693386442
8.776438119068814
8.685019873253957
9.724189954250045
9.759103490126801
8.346810820550257
8.054931920711788
10.956470537556662
-87.35667806575881
8.14741531730216
9.385096410416146
10.663155283286768
8.21142121308442
10.594981959692113
8.31802239034198
8.785620884480215
8.997637345933992
9.808953283182458
9.342855829575802
8.948923579251808
9.033876229767861
10.956516744418852
9.587887403202238
11.1207904829564
9.879058810133465
9.05475102633826
11.024842368675621
8.578828737346983
11.00343543376777
-107.53661268082622
8.375433031019536
8.991242444419417
8.651622511289418
8.860316528024754
11.24459778619987
10.274641675641686
10.140951338416095
10.383930812834276
9.613647968179883
8.911427492495104
8.622217841847299
8.47929463373623
10.639198943654426
-76.08540664316561
8.371438415252722
8.934976510384791
10.86255251105164
10.458447880264622
9.17086137593819
8.98204974383659
-67.53761817776893
10.140978348635215
8.749981459606115
-36.021513770449985
9.788379908281467
10.166095746828812
8.616544355974014
11.135350184974474
9.262203319003001
9.81399008331889
8.340903321874634
10.546999106839321
10.929397452969878
11.234959528811583
8.272195279178298
9.22493074584596
9.94282734982958
9.243943214123485
8.250342525298459
10.220136647528006
10.582693928208126
10.009130871429463
9.427344204837935
8.768805654199955
10.18633153596131
10.238986531717735
8.432200275612981
8.72597665004216
9.206525109059902
10.853459365440045
10.366924362306975
-129.90120131726246
-88.58582192342855
10.681052676804352
9.546252723359778
8.775957213004055
8.898429122794258
9.158426215817556
9.730122491739163
8.21577420146528
9.665965076300132
9.563284238788793
-52.08175774622496
9.139626664558172
8.877980104358073
10.355133544174288
8.184819909256383
8.538882594861605
8.855904760242222
8.616131090837053
10.146166673467516
9.184874281354835
8.029802403293042
10.032223345631417
9.177275230071178
-72.68032537986812
10.43825326399417
10.975860980020103
-31.331103514646593
8.163396042760919
8.573410881137654
9.840195154116046
9.331317193208903
11.008981174452762
11.209416196809977
10.021098232455525
9.029202664720007
9.226702555867334
10.331258020076111
-80.31545237133467
11.068836249203727
10.091251989289255
10.834512136757434
10.387536871103205
10.999763228501823
11.056752706547815
11.180543001970385
8.756644909735016
9.883327416980691
9.794045257959734
10.1541904611184
8.114759418651186
8.3779267817661
9.085411498307984
8.997735587970672
10.65973458397539
-150.7591051022475
10.31235221106601
9.545426682659597
8.108083312545407
10.083855308000924
10.533393156433736
9.205595929500237
9.226451546479968
9.085240401109086
9.262572612822634
8.595081151943168
9.151521783961844
10.271458144939098
10.560350518875596
-87.88562002743964
8.997805506106168
8.142420605256465
-70.95285328203488
11.061278018950253
8.157523105800399
9.576004060451165
5.3567814801130424
9.818745989184322
8.979043305089395
9.646139986561376
9.687806946389593
9.394659578592577
10.517394612402477
10.578956837481279
8.456983890013337
10.07255670410196
8.893378455535498
10.172974085893966
8.83136052279363
8.178293616319046
8.780648872128886
8.82036002909892
9.296338020822676
10.050092088840081
10.802163554666933
9.905861294310503
8.458716806050106
8.943992735626018
-39.92163402459224
11.128542518025597
8.790566042277087
8.627161891261405
9.773652041653492
8.98056454479325
10.93860125173088
8.402236972674004
8.700324762444449
-83.85636112417673
8.769647859496587
-43.08629892419624
8.156559181240649
8.280201607123399
9.89334795546405
8.731245385447021
9.142895402826703
9.266818063087541
8.93543360900669
11.047376859193326
9.801625907439455
9.483211276570586
9.250247922448128
10.339323023194138
8.32871226968116
9.037573430926304
9.083581002186776
8.870242126387003
10.065024865755976
9.521417789670792
11.057854613449255
9.080532373400667
9.427077949836463
8.774818795552566
11.09636619118357
9.091426867522262
9.660243761399142
11.127235064059082
9.005591468411074
-59.91479868784375
8.712665308014461
8.954302575810765
8.150004107822589
9.082943809884103
-78.39817172806944
11.202982610757012
8.692329720475847
8.820708202534457
8.557393021005849
10.299933991533695
9.955794713016532
8.330540203299165
9.74079609096952
10.783520574818851
9.18371396343229
9.135181989032844
9.897652188883468
10.996181104110924
9.21943137799644
9.21749518515433
11.205398329162822
-114.07829258392998
8.918274733548547
9.222919099590897
8.186327844749162
9.808096579802587
10.005233714995898
8.76452620236433
11.099237383415687
11.136300157334617
11.09223271812461
11.156072410334314
9.394968100441254
-62.52556879741957
9.37099013833063
8.571667233515036
8.294016430778111
8.892435158436076
8.31079476910585
8.902645009252602
9.05174415488884
-63.808468950986644
9.968095661299868
9.247987352486655
-108.79215902818729
-46.30351981116875
-152.73941092766614
-92.88618992351067
9.32094756989271
8.878503414021974
8.815946022917206
8.93437501409543
9.48855000683156
9.508072339743576
10.030152181151522
9.702556773722216
10.221511548751723
6.218707025647003
10.4972458694443
8.023759371955233
9.00778349762557
8.482731989190958
-50.04642375409912
8.452265217971505
8.3029837366917
8.805874061610117
-36.04930325093723
11.100384390681892
8.33833283158234
8.166099546864757
10.923647324720372
-79.12398626617185
9.910434359291957
9.104333754820523
8.258215143310933
9.017685615962872
10.833386543256692
8.390074214656552
8.19378405749767
8.23296447058058
9.81207849080641
9.3039530385258
10.868487106779277
8.903318688551314
9.03635775455507
8.340740765437214
9.363871263172044
8.302906134756588
10.525766952351393
8.336783187206686
9.847252860352924
9.24737592974207
8.997227386912094
8.123388184582065
8.16271460003713
8.259267655866875
8.90113082613848
10.059824861089089
10.836960927294788
8.355300639225721
9.45976101510708
10.066135320171997
9.837883782660324
10.292167975615406
8.194872594514843
15.0
10.55423443364711
6.670315165014596
9.273284709138116
-114.14263447012559
8.12973338963081
-105.02452879690897
9.964524651983862
10.126676313448584
9.176010913457517
9.123558418639945
8.49474238002062
10.931482703134451
8.561479858184224
8.839074443460063
8.450883078667875
9.186587635629325
8.411346033401486
8.798333689515093
11.247955005641897
8.647495023121508
9.574676429861103
-45.68695105051114
9.620374217494703
10.950426284548417
8.943800624307766
9.08392648173642
8.299380393901728
10.76348982517094
8.102276387272713
10.005689484633674
10.931316965671371
8.702791595932883
10.62106316559439
11.21048633621638
10.513391230605492
10.037475428525452
-91.34116444657248
8.375420266982257
-61.791113927189585
10.152997098176002
-115.73481111262711
10.302092516032742
9.188650108762996
-90.84880374243738
8.538255674800052
8.091071240829766
10.969936583522635
10.411803444911428
9.429188790960755
8.006703468777548
-114.84413201305651
8.33798888703143
11.230678293873932
15.0
10.991473754476829
8.151236484976309
10.260806882363564
8.345597750254559
-104.24219724359041
8.580031286766475
10.77630557001968
8.905672129892492
9.578475241806927
9.754072692164478
-69.45349298232826
15.0
-114.33759872715576
10.448929435814378
9.963545158735265
-78.42937336378816
8.216535629523655
8.498429750117445
-71.7644497281629
9.700131104299887
-82.75023396012236
-92.06438871888764
-33.47925228691588
9.54255764563703
10.691410112814337
11.120630630427767
11.237415530871468
11.238251453287177
11.207486343625682
8.31329758329069
8.637679484398301
10.605069281774554
10.28620705536826
10.631329288344244
10.65143475379161
9.826518502085229
9.572205743186856
11.094410977691833
10.651605821537403
10.253963703329346
9.704391120911659
10.04573770083881
8.871461083522618
9.126144457367888
10.064854482865707
9.600415316943959
9.597068976621712
9.911895775110825
10.630787090406836
8.236412320377141
9.732385045480175
8.112249317430889
10.963315387365274
8.285093184235304
9.82690869987088
8.099208225292479
10.810019188935101
9.274317550175457
8.320044014729557
8.894890219609536
-121.72840432255353
9.472983700079123
10.340433940007998
7.869572522745738
10.714446515471485
10.071858698591132
8.894391527574552
9.383907650241953
9.626356429634313
8.547412590050708
8.762996975594636
11.054578290384155
10.0910677972977
8.163324911780357
9.134477081913023
9.28820470986043
9.264611147172655
10.210766850833828
8.25544766012817
8.20763570827699
8.268292818814288
8.18217785321022
9.433921494020808
9.31682420083505
10.32457812953828
9.642857484127902
-102.12208717948988
9.182446845091324
9.823117188658216
9.832569068819367
10.463640996288586
8.553193036646402
7.959287796127202
-118.80047291498154
10.794022216581748
10.351513180362993
9.303709378691114
8.346467273934442
9.583741192413244
-75.59213574765694
10.802500402173658
8.886023687862838
10.067257687309965
8.099649763882763
8.481641932522752
8.452279780707345
9.182148314185236
7.956604790046526
9.490613040254747
9.687751927164921
-31.479605969133782
9.057644116079327
8.895028353269613
8.913337636534791
-73.66545900986667
9.779558672963779
7.7275548357665444
9.620848495281944
8.928496272080562
8.989534041540576
9.824633416168167
-82.43904415927112
8.826125422234341
10.432468881396687
10.173924510538328
10.823785929049588
-74.3285271493319
7.848928095172448
9.590195963740836
8.242349171879997
9.968194583997775
8.357007060228492
8.092694163485046
11.24117212448753
8.796705809832165
9.58843465186126
8.556421230869002
9.526358630248119
10.162234928863702
10.838534671129889
7.985690475168144
10.077227642479023
9.994053191651757
10.331323053917846
8.129979519362266
9.927091026061397
9.002294297622765
8.333499548382802
9.260841425299837
10.840014488559504
8.614627389814853
9.833967476036083
9.227614705629211
9.674587216489222
10.589386216675472
10.277856650644015
8.160936346590839
8.431412296151834
8.24858818341012
9.01320445523411
8.840847209492043
9.118281573662681
10.271890569396595
10.59160202403715
10.138846611809448
10.475926645813871
8.370070451144562
10.27303026214411
9.864612713901904
9.76131578918966
8.885654425160105
8.119188436023858
9.893335724916072
8.90385746223873
10.815527913999627
8.187417348733435
8.26334746185114
8.51334464800832
9.203958460365048
9.518523389471435
-131.8575725370312
9.361576549103727
10.520433172614801
9.640400615216105
9.688634447876073
9.413070795568219
8.1267682562037
8.4148727366987
10.013583589479499
9.230211194054325
9.215458170321984
9.785124677054782
8.511540947087907
8.946199112813026
8.545156154700393
11.23083460935949
8.357255855688386
-63.961984064805115
11.240264235232871
10.125613794425693
9.793415334531264
9.866131298115683
9.123039513850866
9.839151285500828
-88.80541253346247
11.052252096657927
8.370952955598408
9.208444995887996
10.141015839012585
-68.91946756060068
9.578144701016358
-103.2166716675571
9.330575888758146
9.452069417994542
-67.50993708710904
9.279898697367567
10.99264794323716
10.368120614001702
11.150190284810467
8.937044076490583
9.775421511190363
9.26342795246822
9.235897610349525
9.0189001685297
10.460508958930415
9.43652614657212
9.552066823941303
7.646057969926531
10.526817873821734
7.946822204054591
8.483252329656104
9.812146457339097
8.009327795877088
8.463727591533122
10.908763908018454
9.547204428399784
10.11483095262773
9.656946406035022
10.619957969304224
10.92662294312911
9.977954697284712
11.1419844003697
7.263083337582378
9.715045786683271
10.357864361113164
-34.742582511715305
9.809680431152088
10.19877660050812
8.397802242487568
5.7244247734951
9.53542221418678
8.264653820413672
8.451282444025704
8.25408693964469
8.142791403698073
10.38797959631823
11.040145207560599
8.874894918963637
8.261618819504612
10.265556388176005
9.884537137556372
10.041580195341515
9.160672195598297
10.33913937699091
-56.88484534732957
9.270329711698146
-119.05846974448983
9.584434330711243
8.601222161957931
9.702307661086977
8.742508014153358
11.113578886226268
-65.8519588358094
10.658408482040437
8.667107949999881
10.146862084547902
-103.70672929634358
10.32979479309821
9.930167876003239
8.254816349827284
9.340716643982251
8.24561225862476
8.19398632890973
8.42063864284946
8.277743706112595
8.552570132588354
-121.89995606527985
9.940644845799884
-69.79759217419232
10.387977968182934
-112.51135946137072
8.401145630191513
8.303511734466664
10.86124953394146
9.428942653074257
10.36063496476905
10.620763209516534
9.517612668491726
8.16646831679296
11.070008949883773
8.409894912746275
8.680502986271085
10.963386324524684
9.380257786388947
10.306741851990068
-122.30505404779228
-69.52910328283939
8.496925199162902
9.156958776282194
10.89099693577154
9.729496925470166
8.117508905848482
8.762462647925574
9.54810105431479
-96.55007386752429
-63.824548070873675
11.079497955279793
9.317762860579899
9.921495562172012
10.385598427286467
-70.96478335590875
8.15116479116359
10.040432359099528
8.325272868662488
10.267833702502557
9.424981795071925
-152.62317000455948
9.103746620135865
10.330131068463668
10.08018013080321
8.503047405779853
8.964635644502575
9.812531780197268
9.102375985812296
10.328448404704794
8.26079911325768
10.277511374367194
10.8819661540157
10.010713321317315
10.787099667793132
9.384996557811546
9.050220431451383
8.135097643730958
10.135651318574313
10.230695159805043
10.801334537378072
9.389180421860857
9.138796447316102
10.909640843334895
11.100221265959943
9.908698451770258
8.439089735695374
9.578077940250203
-71.72526640383882
10.077226134668347
9.501068600747317
11.08385226777342
9.346926198240299
8.467192718358898
9.592543420401007
9.597620387455994
-98.35819765043945
9.66199679071556
8.725192363137507
8.473458718229047
9.783479925095712
10.37652537292118
10.508823208313876
9.44330121384418
10.14940122963204
9.057212984535514
10.561941410014573
10.333995010673808
9.68804932329915
9.111762409531305
9.665047103101609
11.029809320133813
9.985419591638252
10.105703742746178
9.329079968403803
8.641066021558562
-75.07278551923753
8.446877756479251
9.931729324649572
10.260301629725268
9.220149047929638
8.045190196396579
9.892623239147664
8.450738669103341
8.667105756451548
8.233254715277006
10.624986290566296
10.14569691770236
10.657983706248409
9.611767795797258
9.525249704448562
8.658365709315316
10.2549889598396
-82.7897137780666
9.641074877942685
10.097165533684166
9.117632176475222
11.071711015362734
-179.47279970842814
10.138162390545904
10.30572234329983
10.947993168149141
8.864907675801362
-83.89079926126712
-88.1583515440091
8.174285032609031
-26.987082225271614
8.803975765852684
9.11453019905413
10.500990068213033
8.058161418824143
10.4657565339094
8.411341751973033
8.697226859827419
-97.84637988059123
8.344958897543712
10.01838517202375
10.085163938643626
-75.33745120962107
8.525561881582227
11.155243169213025
8.218867020850492
10.347795886069992
9.298961993692561
9.445543903227746
-138.08296126904713
-35.98442067118455
8.95261754109864
9.708273820032424
-117.55368047297006
9.343625722068218
10.247195589794888
8.384993659221788
8.890029174778334
9.792357278411263
8.024460180611563
9.131178884227488
10.649490389251667
10.603721385957362
10.593291302256421
10.587498638036305
10.327681723777822
-103.1603406741735
8.575259811003342
10.782600764191358
-68.0221216973472
10.46642819453529
10.278852487316833
8.664467753303413
10.598641252021856
8.39496835941291
-73.62975485830634
9.348328156958017
9.09139955844756
8.260695157949526
9.704564004123121
9.23053070320123
10.736580358817532
9.623724447350511
10.369361113390449
8.374551467887553
10.203042004480999
10.842229827908731
8.117322274708794
8.78036841628778
10.53300973442955
8.521697649830845
8.745911240815843
10.303993348857734
9.247370079201096
8.30486266782834
8.183102907588058
8.852727893981687
9.999869359306956
8.756891036590481
8.526641019876392
10.53177016137729
9.85651600356839
-58.32508507497807
9.033880405709223
9.396129605220104
8.03220398604338
8.873646962849413
9.038985505493901
10.30593966793817
-88.25646581236745
10.654500266090569
10.347316745009241
-42.47569291951459
-72.44892476281396
8.977852818166763
9.323553016698156
10.769545489500912
8.519280010129638
8.456671972898473
8.117662001997818
11.140373241445571
8.213014455778854
9.289972463312358
10.439312945441566
9.442762435441313
10.399866243661283
8.097120496926816
9.234117484082766
11.143035137649424
8.356540596224558
15.0
-113.47108483857338
10.521875232685808
10.083851749319933
9.152637953138743
10.69346986307082
10.778190663758064
8.289053332439202
8.977714913626524
8.528284403830185
8.245516245643334
10.1195382132886
10.134118030658612
9.240550656549397
10.104083099997311
-105.30001304941703
8.061618817443414
9.011064642800738
9.81098000221548
8.699798270545138
8.655561850027864
-124.32464177212961
9.317662893276804
10.372295081376212
-86.43269958925531
8.322500753136548
10.678992320625206
9.689730170472307
11.125079094511015
10.041606110276629
8.459096267510755
8.28220612854901
10.245353571030702
8.125851233640212
9.117115933993288
9.323979688356786
10.336989148180812
8.238642234672842
8.197440731407474
8.232772686012902
9.676232949170217
8.701306646616542
8.815342841222156
8.902761028531385
9.508913428338468
9.036393851761753
9.49993033752503
9.762571300876179
8.985148264134278
8.079703804268524
-83.4395828801908
8.121004365543785
-69.33995378067914
8.919581073207105
10.295380849398663
10.831938021988833
10.711818920264259
8.73209696214148
8.086485009904731
10.660738838588138
8.179779417869053
9.379242465758237
8.696071572178685
10.25675712485228
9.208547540675731
9.120634745373941
8.641733460627231
9.151779712008812
11.038459587889442
9.260412862431942
-104.86933682989698
10.502735685621715
9.8062836190139
10.295664215999263
9.307366062949153
15.0
9.24414071316485
9.11256390949855
-75.1046073951901
8.700908917241794
10.643271937478325
-30.29586073357361
9.799444256295937
8.714651602863992
10.411528007492027
10.914360356714948
10.323493241538065
8.296912633329125
10.570164185402678
-117.09799625013741
8.121585164807122
8.934544281441994
9.292427550402186
15.0
9.301496705398362
11.230737269602008
8.792520321250828
8.139368022548863
9.60028574678943
9.793034397367546
8.56749740145778
11.249289806058197
9.55941366497595
8.53103133624174
8.42303446088508
-40.10864686866705
8.972650848976983
8.176976655287872
7.93408334058065
11.106634657052387
8.859961165894163
9.392672540731269
10.708459816251349
11.240454084532837
11.008753495160697
8.398404334697355
9.385203201994734
10.82886409899009
9.959427932551993
8.577692902712911
9.774954014999915
8.315128737111724
9.736586719756897
8.2510822067294
8.639177886658231
8.538420855961991
8.66152060690452
8.366415578501291
10.012471428091311
10.33310850148019
9.74717541686033
8.130839033611775
8.929500978823047
8.111756770902076
8.467247758585724
9.654153401627878
8.862907507090426
8.153187262226082
9.492504807962822
8.563365058348687
10.291537434509825
10.101725316938477
8.933491068695886
8.819137069252431
9.189170163877886
9.527725407410701
10.71829091714357
11.161513544166471
9.784732087981602
8.10251108224884
10.204442666566157
9.273030473169158
9.171240704912073
9.311411247637839
10.874643818170652
8.351518464769871
9.64011611224339
9.11390787695364
8.11376035132122
8.497284802445083
8.806625360844519
8.089499022383688
5.4596896127306405
10.862772204496984
8.319232285451406
10.01363020460641
8.667703459980213
9.59584497252652
9.894168381610182
9.746704888467246
9.118135898424644
10.191933678853886
-20.956386024445756
10.766424180631162
-61.459662255432626
8.60861446685307
10.025432062066766
10.425335938636188
8.932447264413051
11.099550006529746
10.687397304818427
8.094367070258667
8.874353484678931
11.055618941920864
-151.67854644708132
-115.1219392913733
11.24409778888684
9.064866791784159
8.076620902639085
10.176722982084604
9.579082713552493
7.939101000752514
8.112188074943582
10.101356351492836
9.663190979317772
8.291737666963625
9.472974577363829
9.265939958012158
8.360486007952519
10.359230708713719
10.667579420039083
10.74021116559415
11.186275556228999
-91.32806596413788
9.133479313220077
8.40022086784223
9.82604564141396
9.129051858633858
9.196534533777125
10.321242147314774
9.782422880130543
10.32848723892673
-73.53275172830844
9.033527046058662
9.355332581471437
8.700589671077593
9.056925805400777
10.668470768421944
9.548728468399261
8.258626369829763
8.075486144779916
8.794745246080762
8.740486343540915
9.315856444587846
10.145188059248392
10.749270250319235
-151.01297836176397
-96.34884997657565
8.023511237795246
9.071147637319433
9.454260265422121
10.466199422543196
10.14941996300128
10.87791675014215
10.343422235430507
9.327381210898865
11.08587259392078
9.656484981843283
8.81110994224364
9.909028957594742
8.478385733209299
10.639684459228944
8.003896520742792
8.021840565943332
8.586776050019285
9.340658056221807
11.083071278343706
11.049712052148296
8.05700326825842
10.491360342303873
9.420654302759097
9.079860785896123
10.973915040651317
8.511403135374785
10.69799105452076
8.351585007720672
9.57687176709948
9.23111784224188
8.314671967728378
9.363231864732025
8.897445650246407
10.38605116750945
10.960416828195786
9.757681241342384
10.67467777018225
9.091951071427804
10.868216107470955
9.38174148024346
10.13621389499255
8.373853194310847
8.278764834014464
10.321853726796622
9.628715083566984
7.9991360711464905
7.995620986196409
10.756904013250388
8.294784021134063
8.396101560432719
10.073671563191716
9.689055846122372
11.239731183449335
-72.30146557297252
10.495118062261962
10.865440162558597
10.15615018309828
8.182583338829371
10.61331825545211
11.24531442539038
8.709936454750679
8.171394894508278
8.981347477048082
-114.5244583530777
-71.15311936659968
9.136691500655845
9.267949048709548
10.77588895643079
8.22201690165005
9.67043173516102
10.68771788642991
8.98688233397174
10.49156996808823
10.130079108045013
9.683436646357903
9.0658723752097
8.735131770657674
8.581098979882455
10.594080393775265
9.631959583592657
10.928368730813759
8.59481292771702
10.149982044508997
8.465461577279767
8.144773700203721
-123.70376012659719
10.538571236828979
8.958989596519896
10.943916768381293
11.2293092274494
8.026496175350614
9.233785941945506
8.160902112187117
10.019253271243134
9.848221036353376
8.457093925903937
9.609353464879604
8.008177089566994
10.094266044020848
8.095077541100792
-87.70765475342787
-72.88476619830688
10.481001107546884
9.262399727595913
10.494329491650713
10.650957998587021
8.599036117041685
11.094426051565273
10.40846505352497
8.67362146703298
10.468774945309105
-39.56364956107289
9.814869563030086
-89.45902155384113
8.215766816483704
9.152910696624767
10.998524441816928
9.018202564719347
8.6998933307267
10.108895384503073
8.798730771190462
9.47739315767
8.15154509467715
9.097557615344485
10.493138440273416
8.681480593245176
10.966997942002106
8.413338750429025
10.699546732531527
8.009823640308444
8.989418277069927
-40.15334359728303
10.043852154687901
10.048019099392755
9.128421817156273
10.478311083033578
10.500777259720312
8.490173188422045
8.524462991429491
9.826935350496946
8.528626547255174
9.344827855036119
-115.39308213873397
10.054336279088757
8.74331455418102
9.493456706817827
9.39898776010289
10.608818170197692
8.794883856573323
10.355203030172216
8.700310111245457
-72.73866246476877
10.535907971821155
8.124755707167793
8.43946977897145
-91.20620077719366
9.304991275802534
9.6501367547691
10.185772821680484
9.878521164956638
8.029967476369844
-47.61733221968703
9.082016560555493
8.113322168977934
11.147604717064716
8.443782933784528
8.213371407933264
10.80838552854223
10.053517946789487
-123.11453101406636
9.7309571311391
-95.09797469802311
9.415943380249374
8.583300355345958
10.9066615325739
9.598002054974735
10.63369551105514
8.95204869508168
8.496479246266059
10.05373015396306
-38.59461813593035
8.988671608508938
10.21669684063987
8.166921259052707
-105.18115419848394
8.001384249947257
-129.66106939172585
9.971304275411818
10.272932529547104
10.460869709119356
-105.65659541719354
10.723737428934632
9.887053327118181
10.908977921600423
-30.428287687038402
8.041076651242243
10.203697784309444
-67.85069678104469
-116.96477133393819
8.90143943058124
-151.162401143103
11.148183930284004
-38.89556381926218
8.722968835826801
8.426652418261824
9.001455905115256
10.11971663945209
9.138603937771567
8.916730855305648
-175.05966196877446
10.546517891570694
-122.29100194141884
10.30269529465799
-108.07687795767244
10.74345291656618
10.37028080772243
11.03322297281819
8.928789543855416
10.984363476413215
8.36670052617746
7.988723239319529
9.60798517177124
9.28534690823161
10.09553034682131
9.515010729827544
-68.78952429571436
-85.983257535722
10.347046402732705
9.396770147922556
9.373916770416596
10.382892159164085
10.31882549743916
10.728264542985164
10.657555383319716
11.090429936103654
10.369993747472254
9.82036455066535
8.402924118430763
9.014540387444686
9.3926237238091
-40.42721750965964
-113.76716368933917
8.710113184753755
-79.89592241785127
10.532632276946513
10.350902682418397
8.336966809506915
9.526611742219831
10.658668645075434
10.27352551680506
8.082514088115637
8.374132130714592
10.061486112099677
8.393456087871519
8.16777894637886
5.958045625995192
-30.282568631812907
10.4273010671851
9.898909228176626
8.654217464761919
8.972751495355963
10.485814741369932
9.04973075324558
5.7322644476484985
9.270444258436918
8.453822959085834
9.815822147515549
8.136932967929415
-46.41038731181807
-79.66144794740852
-115.95774123003746
10.900057650674523
10.996513401498547
8.473931736709217
8.377898513311683
10.15931327717507
11.105745891480456
9.23235079394047
-59.69342561841952
-66.96370659304839
10.532513365702385
9.473960780795784
-94.96816100324153
8.302879660311369
9.642767298378526
-45.74987298395142
10.437795145100788
10.84231963963289
-81.40874380558479
8.858318100174547
-123.18548522582168
8.174306419173078
10.285974083578852
8.869238370267098
8.453559548017434
8.239532453631572
10.77323023758532
-34.50436554737322
10.265732075321804
-70.93786972459147
9.385216373335574
9.247170635900256
10.203966395996275
10.54926403217626
8.593086922365824
10.627943635788679
8.196258275223876
8.024811679830673
8.337735441717761
8.166771041525658
9.089738517895182
-123.57784588620535
8.994854650479823
8.313867500854215
8.710838109771768
9.808594314248914
9.32897978217138
11.02550873933778
8.473227020083629
8.342760039850907
8.801831016013482
8.091790474467015
8.26997587267272
10.44236139119087
9.503134053385313
-26.467098651670838
10.139812804272362
8.143255460408842
9.997707069872149
8.115461915309535
9.775012732038812
9.174030657907622
-49.9151589954697
8.71380681439939
11.246546108466452
8.160229670034132
8.247634197801336
8.443148165718485
-75.47774521852459
10.42137491555589
10.409897417095177
11.109609935032424
10.412768130193205
15.0
11.04497016156586
10.211139857964191
-97.98384007412872
8.086980914064224
10.111679917660918
9.439047228576026
8.381217872557325
9.771144586330195
9.311255162880633
11.067811246083945
8.713336914884975
9.711574877360718
8.634032206945133
9.007939840347415
8.844324589796393
8.262591369315507
9.754614196205003
10.608425346705776
9.227640239836537
8.457638916099336
8.205304025985123
11.234288835693508
10.05211546027095
8.238474573114587
11.027825032068481
9.479888807464668
10.13169639802949
8.237156260451044
8.697737893759935
-59.26659884233254
8.041671555087532
8.25140374027666
8.366671306238935
8.7586161281971
8.182836885598615
11.065113459524337
7.960301352181472
-116.85260536334049
9.216640511647643
10.912520340866529
11.10870897572172
11.233378417899203
11.09527472931266
11.092878248142846
-97.93349698337259
10.009734524288913
8.241563125444472
9.925313739487235
8.90073264946657
8.703251039617278
-130.0543207150168
10.844698099347738
10.34011633291678
10.986025174881576
9.294253234450712
9.77446525916887
8.705337614114296
10.9493321722639
8.49925993622603
8.429392359658696
10.167173513679275
8.046568423985011
8.510402708147815
10.775562179950963
8.4126595539243
-33.131849459310395
10.347987450951342
-70.55822448625058
9.27320333361926
10.264027446989548
8.607123321496147
9.106055670648946
8.608019179683561
-101.94379692612321
10.833026760311775
-47.33902525061303
10.633097158451385
9.283588176645429
10.859843126412262
8.054991799706505
10.311114295077008
8.675757485565873
8.066061640759562
8.225762529956715
9.206082112404776
-65.50713834637446
10.413643306697324
10.947840527592508
8.333758676736487
9.561127319560295
11.194751685396433
10.882030306031714
15.0
8.78248892561407
9.662945878906946
10.871349528546299
8.362005388695867
10.524590635502326
9.607081091859948
10.836370695337475
-145.68029898320617
11.093479829946503
8.198149906446893
8.041016755612212
9.538689855616077
8.417512623350358
8.862038064708216
10.62054757094542
8.969055562395534
8.524617200632951
8.232022033924917
8.384751928033971
-42.44110462267744
8.7770927019948
8.668347413492118
9.850748915299517
8.29058173547342
9.079966567737952
9.374237349251567
8.794903898835257
9.06224654693345
9.830133934102523
6.332291752813189
8.655560924085819
9.694985255059738
9.311731840860144
10.190135468083735
8.21196464729973
-91.56012113621391
9.22541638605863
8.85346553744494
9.047846896481637
8.845264034193129
8.39425453474048
10.00250249142974
8.011013302768848
8.467112598772896
8.18881369991929
8.07463674510474
10.943601037746646
8.939315213713735
9.59048797074514
8.913824637062731
8.427286018247756
-121.00761764048067
9.553814454079689
8.69080153613477
8.51155316680666
8.180870550040428
-79.51640251227533
9.229505104825254
10.78472877728922
9.505713430788314
9.788730402022393
9.785121472508019
10.664055963460001
-97.10622070129227
8.178104159824144
10.066917558825878
10.532812320999607
10.215166862809243
-29.517052908169646
11.122575891460967
8.715807259565775
9.941048553902236
10.423141077722756
9.150980139675939
9.469414166826642
-60.05700419555158
-51.95458795557166
11.233255557087062
-75.80945237380692
9.03018806364711
-110.62215838929514
8.947783869083178
15.0
10.933333123919754
9.204127826377547
8.016318741958193
11.059892857788366
-96.54397390557891
10.26524322626313
9.15025589347891
8.664496357534993
9.176286794587563
9.995038349052804
10.497528087814203
11.112721367524378
-74.72875175141883
9.09588372242468
9.795776305939283
9.026672348250974
10.440761644119915
8.17774769945734
9.500669236568196
9.885067749996214
8.98254831440973
9.279065947884199
8.447899771005005
11.108554473215166
10.884436904855455
10.456074561825872
9.49469446595232
-69.44680540918907
-34.45690612156209
9.862496536356517
8.479722115049864
11.177363010177723
8.519812830991606
9.567015788646774
-36.7863259696676
8.526909120371847
10.184821799879867
10.218491080720215
8.760295408772343
9.076209872460872
9.977056056455837
8.856104340580016
9.924665535677367
9.217186708421009
8.956819849575076
8.616911938415335
7.9934619406103
-35.66430577920249
-73.11249387056151
9.494039082525507
10.51893183670673
8.15336815536871
-80.33012631166997
9.02949362574047
8.792975612238216
9.389591463616746
10.603918371164387
15.0
8.90182934220185
8.841520573787081
8.686011981396653
10.895020808782293
10.511703440597053
9.684514339421655
8.426883496837387
10.325436828376208
-93.78672221570503
8.877060070461203
8.090559729340551
8.61385453723408
9.070406704465455
9.310221803501104
9.996820811899383
9.047329782768685
9.763007451150846
8.678795739131802
8.10948821442869
8.818543698401374
10.719633637426671
9.70012368490696
9.533860547561744
9.010991871254994
8.212173988583613
9.451156903643227
9.82366691931574
10.4924593226586
10.130463958372545
9.42554645454928
8.2133631948732
8.868113627458621
10.370181247977559
9.45964630452058
9.729784480922726
10.220481997275769
9.396096263050502
10.426547425666728
9.269891746613805
10.488359905471654
10.361141944939563
9.717413536570204
8.647537544178501
8.52609498489773
9.472317100569303
8.207130417409154
8.65931925119791
9.930329480218756
8.2993491779341
9.0798933422102
9.855260771216052
8.481192514487201
9.558165299737196
8.652139275329912
9.893738590838897
9.027995094866196
9.381355542856038
-120.09658498101712
-112.98970730866965
10.469225719633204
9.922730232169048
10.934404032832958
8.1407371574714
8.582988547058054
8.217735356453506
8.250261366999132
11.088646075949177
9.02728192068274
8.842617122341178
8.87999891522245
-61.02357240152539
-87.50097519762409
9.077270728625805
7.949124081445495
9.173661474838605
10.102644731524197
8.730106393912896
-93.76045618748076
11.161699674445606
11.103804318017756
9.86840590711575
9.12532307875602
-120.5832665692499
11.118979633083287
8.092005466584798
9.698962025477575
10.055130243631135
9.646356157396017
8.870165638701963
-123.42080408570514
8.791705606406145
8.510375462658441
8.964977713499454
9.14391225912736
10.050455089559154
8.11154293341543
11.056806495056062
9.846073981339101
9.794877771942637
8.15314095754726
8.206829115698625
-85.99419367739821
10.693043265686276
8.308079370281277
9.404872947868181
9.753665911504655
9.306025221572565
8.422970182546017
-98.31804512742161
10.694061575620946
9.317565771829923
9.431625247382748
-103.33145126596786
10.14714633377353
10.01265922141786
10.007481564860512
8.6608570958554
-109.74231172543296
8.177038563281839
9.010919981584586
-25.960851491760007
10.590356490950853
-73.48440620462551
9.566160911640772
8.7008893034067
10.463322603416463
10.502805381158286
-102.70349551186658
10.576170416178243
9.879821943100383
10.648051809128688
8.387839592584784
10.427790867701415
8.870820395251815
10.722513669761009
10.611955410769166
-115.70045310768272
8.473987761014119
9.182770306317336
8.626039210785619
9.956109695559576
11.045012777861594
9.45086760626549
10.931712538899703
10.589691099944966
8.175837202765383
8.918055327458578
-61.958636870230094
9.812939769184268
8.42283095063712
9.805278585459025
8.125347187427229
8.465196114399413
8.45532196560368
9.430954946710909
-80.81860697055077
11.182926428739934
8.785221464013887
8.021220042889912
8.403419053889959
8.76862764543882
8.467907727005223
11.013911288260267
11.150358345134794
9.88800156417551
10.227950250045051
9.539776771423774
10.486818663214573
8.76863971262837
11.24606045644612
9.916944877943022
-66.87331220088984
10.254283814678296
-144.49192058737825
8.198016654807706
9.439307140147438
8.443954690023576
-40.75404048602783
-74.25601558722586
9.822253252489162
10.117949239279245
9.20387007861558
10.721983048900825
-53.20125327353807
-61.52990100324316
11.223074174930872
9.227785993566295
9.310159010705123
9.134895946038252
10.762902849681442
-39.851704173705386
-77.81920026983364
8.960742162326193
15.0
-32.70065192985143
9.068534720085164
11.002351591756343
8.454781804605336
9.30202792388788
8.992989979557954
8.87082279689676
10.460352683353996
9.83127797778949
8.263225781636546
11.130146573053402
11.061439775309506
-72.75898198548865
11.19237653303744
9.911997133105462
9.671255458205819
10.319485936863352
8.665315542273735
9.034742865974998
8.0920561013477
8.958934075634357
11.12156106427551
10.590249130256383
9.3195233044023
8.464380012783307
9.160577393408815
9.103116003324649
8.92615773701731
11.206773366021714
10.701182109646775
11.032997528894281
10.855556857134705
8.82510893266512
9.196851671390366
10.79680104727974
10.976266468073842
10.860985215882032
10.121547438926765
11.196262897264397
10.578161134927461
9.605241904359467
8.721793910176203
8.420276796040902
9.5520511368583
9.23218818872347
10.187672665619328
-110.5642318697029
8.46972259905451
11.196593349790323
10.423088573916058
9.679610504502476
8.851580270116386
8.39550703972966
8.539767424241704
9.528384245559606
9.464963181821052
10.51108081454412
8.886387490480026
8.653873582177969
9.57694046295373
8.518344117537223
9.501357141721583
9.46874301150675
8.648475900033642
10.356798187553178
10.637336278838191
10.833606701245888
8.900876129494865
9.241655139831312
-99.09350930763613
-131.5811128671832
9.140465849487974
10.722030893783227
10.102270256200523
-100.88586494570467
8.872077907055836
9.088635781368666
10.51313051680082
9.812437798240117
10.946867544634266
10.921815104615142
8.468356354710354
10.755074907060195
8.307582036381806
10.098660939495822
9.699792830817707
9.068743209816773
9.817752779911423
10.593148613390328
9.286960652916779
9.655919982410065
9.676071892706222
8.219366257024454
-118.73420105097924
10.593693009332226
8.782290609659618
8.573652716086652
8.87170558126541
9.603768619854257
8.886485531149681
9.165054358397306
9.536668327426101
10.906721899487533
-79.67513350946912
-131.11021038532846
-99.11384749776116
9.415383042076822
-47.18712628951141
11.164307281912974
11.113580300749483
-130.01238950621007
-84.27642691365011
11.179205796779156
9.4019715536664
10.918748092357639
10.288700700074344
9.898850251052487
-35.18199369937305
9.912528769606471
10.240704331552026
-70.15620524032653
8.529504671381009
11.194616389142116
10.328466016870248
10.97130626017615
9.23627119818566
10.358981612433986
-129.81193107042455
11.161447217551736
9.608459855612736
10.59474278213143
11.137009753755452
7.996396907638308
10.19848831812275
8.293871683412362
9.652844188776093
9.108893839184358
8.243312982298077
10.163388597847298
8.205039502366802
8.49348602909583
9.571206395737574
-19.889239877360364
9.758633611834806
10.952483032781092
10.050079014002272
10.282131613791018
-67.37501250605376
9.222155511650922
8.656474831430092
8.397252394564894
-109.70313510713872
-128.499063072711
8.606007867102154
10.371671396536101
9.78686580493644
9.027268869338377
10.299860919889165
9.66652302747998
-104.91573146800366
9.586118016806667
10.393936159825587
-55.27829148863275
8.123446866054824
9.438457524626871
8.699822959426005
9.09113451391025
-42.660037549383276
10.74630518193238
10.890539583341832
8.95506820895077
10.780895220058955
8.576502566360205
9.535461571029899
8.47436664616728
10.533513845135289
8.281536626236752
10.113519109281208
9.84555649761326
-102.69359689604339
10.626938607483742
10.874996889043175
10.621773425806264
10.496741412163178
-112.71356557016136
10.135903814507861
8.839389670966009
11.085030720077395
-37.493398186424734
9.578671524922406
8.467456539002438
9.381442662850162
8.88776002542254
-90.2943255391542
10.916774433229516
8.308982834234644
8.0888329233457
9.812498597056802
10.800002644338862
-102.64278803529135
9.25095866678447
9.458949682482814
8.628424560196901
10.077682122115242
8.11485264568184
9.968784677923
15.0
10.33812764549417
8.206819423474368
9.428204815826223
8.223721730594283
9.80182797515507
-89.29055377221768
9.874634840286483
11.194233037182677
10.789291663185324
8.996217522979611
8.8627909067201
-114.55341224532363
8.952336781119232
8.179264884253435
9.64107816686243
-93.75459924433585
8.272298721927747
9.514348494765255
11.212077013312634
9.882511916236574
9.544642806603923
10.677121160906788
8.383844129637563
11.193189358382375
10.111689412355576
8.687571983080643
9.028983969259453
9.286353509769757
8.100138495516617
10.049539632082855
10.065147193989727
8.267588449320398
10.685151914301537
9.584875930962152
8.275228812730061
8.534829666965155
11.051216022818897
10.251148397296951
9.337750546968014
10.971369392997591
8.109323103998369
10.591630691176393
8.538927222508406
8.531179338192139
8.654643215165422
8.78759107015314
-99.54863472518039
8.294110667516897
10.953125276698195
10.143401490515537
9.059844640036196
9.475742307943491
9.441123485160112
8.157519642719047
10.194146525910707
10.806438965270171
10.637204291482018
9.508187840205327
-92.33404113765879
9.53534248690016
10.262500398320501
10.2736923625858
8.187407444309514
15.0
7.974059086451944
8.468340730334868
8.827692572048576
9.376158728130065
8.098142184818613
9.904340596406367
10.524592179185953
10.413822125565515
9.370608769002532
-72.98801583231995
10.332502772576964
8.754260655045991
10.036900896846161
9.14043988158992
-117.16823021782292
8.355562943228556
10.307333016222579
9.638542741056742
11.198434475382816
-111.45478651756324
8.152340470839285
10.834245218281756
9.24244866003843
10.075458959704559
-73.2230580422455
10.39909180247291
11.054878831022442
8.601619193551663
10.663498914950878
10.067768310908445
10.735982763840841
8.256430163105904
11.182824064438039
11.246458019274293
11.130892828173268
11.16642011488731
9.445498515423992
8.244002471944519
8.619608563798522
8.118649570921132
10.635769614443358
8.320324119118716
9.485652055943568
9.157900384617294
10.19007542852539
10.053746078442298
10.362815645782991
8.434962486944226
8.57010900558911
9.273526282843703
10.336154967460203
