2024-11-22 22:18:35,050 - INFO - ####################################
2024-11-22 22:18:35,051 - INFO - ############Loading Model###########
2024-11-22 22:18:35,051 - INFO - ####################################
2024-11-22 22:21:00,917 - INFO - ####################################
2024-11-22 22:21:00,921 - INFO - ############Loading Model###########
2024-11-22 22:21:00,922 - INFO - ####################################
2024-11-22 22:21:09,991 - INFO - Env 17, Goal (-02.5, -02.5), Episode 00000, setp 035, Reward 13.4 , Reach Goal,
2024-11-22 22:21:09,991 - INFO - Env 16, Goal (005.5, -02.5), Episode 00000, setp 033, Reward 13.4 , Reach Goal,
2024-11-22 22:21:09,991 - INFO - Env 18, Goal (-00.5, -02.5), Episode 00000, setp 035, Reward 13.2 , Reach Goal,
2024-11-22 22:21:09,992 - INFO - Env 15, Goal (003.5, -02.5), Episode 00000, setp 034, Reward 13.7 , Reach Goal,
2024-11-22 22:21:15,434 - INFO - Env 17, Goal (-02.5, -02.5), Episode 00001, setp 034, Reward 13.7 , Reach Goal,
2024-11-22 22:21:15,434 - INFO - Env 15, Goal (003.5, -02.5), Episode 00001, setp 032, Reward 13.4 , Reach Goal,
2024-11-22 22:21:15,434 - INFO - Env 16, Goal (005.5, -02.5), Episode 00001, setp 031, Reward 13.3 , Reach Goal,
2024-11-22 22:21:15,435 - INFO - Env 18, Goal (-00.5, -02.5), Episode 00001, setp 034, Reward 13.6 , Reach Goal,
2024-11-22 22:21:17,164 - INFO - Env 02, Goal (-07.0, 011.5), Episode 00000, setp 050, Reward -26.3, Crashed,
2024-11-22 22:21:17,164 - INFO - Env 05, Goal (-12.5, 017.0), Episode 00000, setp 075, Reward 13.5 , Reach Goal,
2024-11-22 22:21:17,164 - INFO - Env 01, Goal (-18.0, 009.5), Episode 00000, setp 064, Reward 13.3 , Reach Goal,
2024-11-22 22:21:17,165 - INFO - Env 03, Goal (-07.0, 009.5), Episode 00000, setp 072, Reward 13.3 , Reach Goal,
2024-11-22 22:21:17,165 - INFO - Env 04, Goal (-12.5, 004.0), Episode 00000, setp 078, Reward 13.7 , Reach Goal,
2024-11-22 22:21:17,165 - INFO - Env 00, Goal (-18.0, 011.5), Episode 00000, setp 073, Reward 13.4 , Reach Goal,
2024-11-22 22:21:18,821 - INFO - Env 12, Goal (014.0, 010.0), Episode 00000, setp 035, Reward 13.3 , Reach Goal,
2024-11-22 22:21:18,821 - INFO - Env 10, Goal (010.0, 010.0), Episode 00000, setp 076, Reward 13.3 , Reach Goal,
2024-11-22 22:21:18,821 - INFO - Env 13, Goal (016.0, 010.0), Episode 00000, setp 061, Reward 13.7 , Reach Goal,
2024-11-22 22:21:18,821 - INFO - Env 14, Goal (018.0, 010.0), Episode 00000, setp 088, Reward 13.5 , Reach Goal,
2024-11-22 22:21:18,821 - INFO - Env 11, Goal (012.0, 010.0), Episode 00000, setp 052, Reward 13.7 , Reach Goal,
2024-11-22 22:21:19,416 - INFO - Env 32, Goal (-13.8, -04.3), Episode 00000, setp 086, Reward 13.5 , Reach Goal,
2024-11-22 22:21:19,416 - INFO - Env 24, Goal (-18.0, -10.0), Episode 00000, setp 089, Reward 13.6 , Reach Goal,
2024-11-22 22:21:19,416 - INFO - Env 33, Goal (-16.9, -06.5), Episode 00000, setp 088, Reward 13.4 , Reach Goal,
2024-11-22 22:21:19,417 - INFO - Env 28, Goal (-07.2, -13.5), Episode 00000, setp 077, Reward 13.7 , Reach Goal,
2024-11-22 22:21:19,417 - INFO - Env 27, Goal (-10.2, -15.7), Episode 00000, setp 077, Reward 13.7 , Reach Goal,
2024-11-22 22:21:19,417 - INFO - Env 31, Goal (-10.2, -04.3), Episode 00000, setp 085, Reward 13.4 , Reach Goal,
2024-11-22 22:21:19,417 - INFO - Env 29, Goal (-06.0, -10.0), Episode 00000, setp 078, Reward 13.4 , Reach Goal,
2024-11-22 22:21:19,417 - INFO - Env 25, Goal (-16.9, -13.5), Episode 00000, setp 080, Reward 13.6 , Reach Goal,
2024-11-22 22:21:19,422 - INFO - Env 26, Goal (-13.8, -15.7), Episode 00000, setp 078, Reward 13.6 , Reach Goal,
2024-11-22 22:21:19,429 - INFO - Env 30, Goal (-07.2, -06.5), Episode 00000, setp 081, Reward 13.4 , Reach Goal,
2024-11-22 22:21:20,236 - INFO - Env 20, Goal (-00.5, -05.5), Episode 00000, setp 074, Reward 13.6 , Reach Goal,
2024-11-22 22:21:20,236 - INFO - Env 21, Goal (001.5, -05.5), Episode 00000, setp 091, Reward 13.6 , Reach Goal,
2024-11-22 22:21:20,236 - INFO - Env 23, Goal (005.5, -05.5), Episode 00000, setp 078, Reward 13.5 , Reach Goal,
2024-11-22 22:21:20,237 - INFO - Env 19, Goal (-02.5, -05.5), Episode 00000, setp 081, Reward 13.2 , Reach Goal,
2024-11-22 22:21:20,237 - INFO - Env 22, Goal (003.5, -05.5), Episode 00000, setp 080, Reward 13.0 , Reach Goal,
2024-11-22 22:21:22,719 - INFO - Env 16, Goal (005.5, -02.5), Episode 00002, setp 032, Reward 13.4 , Reach Goal,
2024-11-22 22:21:22,719 - INFO - Env 08, Goal (003.0, 003.0), Episode 00000, setp 074, Reward 13.6 , Reach Goal,
2024-11-22 22:21:22,719 - INFO - Env 09, Goal (005.0, 003.0), Episode 00000, setp 104, Reward 13.4 , Reach Goal,
2024-11-22 22:21:22,719 - INFO - Env 17, Goal (-02.5, -02.5), Episode 00002, setp 033, Reward 13.5 , Reach Goal,
2024-11-22 22:21:22,719 - INFO - Env 18, Goal (-00.5, -02.5), Episode 00002, setp 035, Reward 13.5 , Reach Goal,
2024-11-22 22:21:22,720 - INFO - Env 07, Goal (000.0, 003.0), Episode 00000, setp 079, Reward 13.6 , Reach Goal,
2024-11-22 22:21:22,720 - INFO - Env 15, Goal (003.5, -02.5), Episode 00002, setp 032, Reward 13.5 , Reach Goal,
2024-11-22 22:21:22,732 - INFO - Env 06, Goal (-02.0, 003.0), Episode 00000, setp 103, Reward 13.3 , Reach Goal,
2024-11-22 22:21:23,979 - INFO - Env 42, Goal (009.1, -18.1), Episode 00000, setp 109, Reward -46.2, Crashed,
2024-11-22 22:21:23,980 - INFO - Env 35, Goal (013.0, -01.1), Episode 00000, setp 075, Reward -38.5, Crashed,
2024-11-22 22:21:23,980 - INFO - Env 40, Goal (016.2, -18.1), Episode 00000, setp 038, Reward -42.6, Crashed,
2024-11-22 22:21:23,980 - INFO - Env 36, Goal (014.3, -17.8), Episode 00000, setp 045, Reward -36.7, Crashed,
2024-11-22 22:21:23,982 - INFO - Env 43, Goal (009.9, -04.6), Episode 00000, setp 058, Reward 13.7 , Reach Goal,
2024-11-22 22:21:23,990 - INFO - Env 38, Goal (014.2, -18.7), Episode 00000, setp 035, Reward 13.4 , Reach Goal,
2024-11-22 22:21:23,990 - INFO - Env 34, Goal (015.6, -17.6), Episode 00000, setp 101, Reward 13.7 , Reach Goal,
2024-11-22 22:21:23,992 - INFO - Env 39, Goal (015.5, -02.4), Episode 00000, setp 037, Reward 13.7 , Reach Goal,
2024-11-22 22:21:23,994 - INFO - Env 37, Goal (009.6, -04.8), Episode 00000, setp 090, Reward 13.2 , Reach Goal,
2024-11-22 22:21:23,995 - INFO - Env 41, Goal (014.4, -16.9), Episode 00000, setp 090, Reward 13.4 , Reach Goal,
2024-11-22 22:21:31,205 - INFO - Env 16, Goal (005.5, -02.5), Episode 00003, setp 032, Reward 13.6 , Reach Goal,
2024-11-22 22:21:31,205 - INFO - Env 17, Goal (-02.5, -02.5), Episode 00003, setp 033, Reward 13.1 , Reach Goal,
2024-11-22 22:21:31,205 - INFO - Env 18, Goal (-00.5, -02.5), Episode 00003, setp 033, Reward 13.5 , Reach Goal,
2024-11-22 22:21:31,206 - INFO - Env 15, Goal (003.5, -02.5), Episode 00003, setp 032, Reward 13.4 , Reach Goal,
2024-11-22 22:21:34,504 - INFO - Env 04, Goal (-12.5, 004.0), Episode 00001, setp 075, Reward 13.6 , Reach Goal,
2024-11-22 22:21:34,504 - INFO - Env 02, Goal (-07.0, 011.5), Episode 00001, setp 070, Reward 13.6 , Reach Goal,
2024-11-22 22:21:34,506 - INFO - Env 03, Goal (-07.0, 009.5), Episode 00001, setp 078, Reward 13.5 , Reach Goal,
2024-11-22 22:21:34,506 - INFO - Env 01, Goal (-18.0, 009.5), Episode 00001, setp 062, Reward 13.4 , Reach Goal,
2024-11-22 22:21:34,527 - INFO - Env 05, Goal (-12.5, 017.0), Episode 00001, setp 072, Reward 13.3 , Reach Goal,
2024-11-22 22:21:34,533 - INFO - Env 00, Goal (-18.0, 011.5), Episode 00001, setp 070, Reward 13.4 , Reach Goal,
2024-11-22 22:21:37,584 - INFO - Env 16, Goal (005.5, -02.5), Episode 00004, setp 033, Reward 13.5 , Reach Goal,
2024-11-22 22:21:37,584 - INFO - Env 17, Goal (-02.5, -02.5), Episode 00004, setp 035, Reward 13.6 , Reach Goal,
2024-11-22 22:21:37,584 - INFO - Env 18, Goal (-00.5, -02.5), Episode 00004, setp 034, Reward 13.3 , Reach Goal,
2024-11-22 22:21:37,585 - INFO - Env 15, Goal (003.5, -02.5), Episode 00004, setp 033, Reward 13.5 , Reach Goal,
2024-11-22 22:21:38,773 - INFO - Env 11, Goal (012.0, 010.0), Episode 00001, setp 059, Reward 13.7 , Reach Goal,
2024-11-22 22:21:38,773 - INFO - Env 12, Goal (014.0, 010.0), Episode 00001, setp 033, Reward 13.6 , Reach Goal,
2024-11-22 22:21:38,773 - INFO - Env 10, Goal (010.0, 010.0), Episode 00001, setp 089, Reward 13.3 , Reach Goal,
2024-11-22 22:21:38,773 - INFO - Env 14, Goal (018.0, 010.0), Episode 00001, setp 081, Reward 13.6 , Reach Goal,
2024-11-22 22:21:38,774 - INFO - Env 13, Goal (016.0, 010.0), Episode 00001, setp 047, Reward 13.6 , Reach Goal,
2024-11-22 22:21:39,360 - INFO - Env 32, Goal (-13.8, -04.3), Episode 00001, setp 088, Reward 13.6 , Reach Goal,
2024-11-22 22:21:39,360 - INFO - Env 24, Goal (-18.0, -10.0), Episode 00001, setp 082, Reward 13.4 , Reach Goal,
2024-11-22 22:21:39,360 - INFO - Env 33, Goal (-16.9, -06.5), Episode 00001, setp 090, Reward 13.7 , Reach Goal,
2024-11-22 22:21:39,360 - INFO - Env 26, Goal (-13.8, -15.7), Episode 00001, setp 078, Reward 13.6 , Reach Goal,
2024-11-22 22:21:39,360 - INFO - Env 28, Goal (-07.2, -13.5), Episode 00001, setp 078, Reward 13.4 , Reach Goal,
2024-11-22 22:21:39,360 - INFO - Env 29, Goal (-06.0, -10.0), Episode 00001, setp 080, Reward 13.4 , Reach Goal,
2024-11-22 22:21:39,361 - INFO - Env 27, Goal (-10.2, -15.7), Episode 00001, setp 075, Reward 13.4 , Reach Goal,
2024-11-22 22:21:39,361 - INFO - Env 31, Goal (-10.2, -04.3), Episode 00001, setp 085, Reward 13.4 , Reach Goal,
2024-11-22 22:21:39,361 - INFO - Env 25, Goal (-16.9, -13.5), Episode 00001, setp 082, Reward 13.5 , Reach Goal,
2024-11-22 22:21:39,361 - INFO - Env 30, Goal (-07.2, -06.5), Episode 00001, setp 083, Reward 13.6 , Reach Goal,
2024-11-22 22:21:39,911 - INFO - Env 20, Goal (-00.5, -05.5), Episode 00001, setp 073, Reward 13.7 , Reach Goal,
2024-11-22 22:21:39,911 - INFO - Env 19, Goal (-02.5, -05.5), Episode 00001, setp 081, Reward 13.6 , Reach Goal,
2024-11-22 22:21:39,911 - INFO - Env 21, Goal (001.5, -05.5), Episode 00001, setp 089, Reward 13.5 , Reach Goal,
2024-11-22 22:21:39,911 - INFO - Env 23, Goal (005.5, -05.5), Episode 00001, setp 078, Reward 13.6 , Reach Goal,
2024-11-22 22:21:39,919 - INFO - Env 22, Goal (003.5, -05.5), Episode 00001, setp 085, Reward 13.4 , Reach Goal,
2024-11-22 22:21:44,064 - INFO - Env 16, Goal (005.5, -02.5), Episode 00005, setp 036, Reward 13.6 , Reach Goal,
2024-11-22 22:21:44,064 - INFO - Env 17, Goal (-02.5, -02.5), Episode 00005, setp 038, Reward 13.6 , Reach Goal,
2024-11-22 22:21:44,064 - INFO - Env 15, Goal (003.5, -02.5), Episode 00005, setp 037, Reward 13.6 , Reach Goal,
2024-11-22 22:21:44,064 - INFO - Env 18, Goal (-00.5, -02.5), Episode 00005, setp 038, Reward 13.3 , Reach Goal,
2024-11-22 22:21:45,340 - INFO - Env 09, Goal (005.0, 003.0), Episode 00001, setp 110, Reward 13.7 , Reach Goal,
2024-11-22 22:21:45,340 - INFO - Env 08, Goal (003.0, 003.0), Episode 00001, setp 073, Reward 13.5 , Reach Goal,
2024-11-22 22:21:45,340 - INFO - Env 07, Goal (000.0, 003.0), Episode 00001, setp 080, Reward 13.5 , Reach Goal,
2024-11-22 22:21:45,340 - INFO - Env 06, Goal (-02.0, 003.0), Episode 00001, setp 107, Reward 13.6 , Reach Goal,
2024-11-22 22:21:48,495 - INFO - Env 35, Goal (014.7, -04.0), Episode 00001, setp 102, Reward 13.3 , Reach Goal,
2024-11-22 22:21:48,495 - INFO - Env 36, Goal (016.9, -13.7), Episode 00001, setp 100, Reward 13.7 , Reach Goal,
2024-11-22 22:21:48,495 - INFO - Env 39, Goal (017.9, -01.1), Episode 00001, setp 108, Reward 13.2 , Reach Goal,
2024-11-22 22:21:48,495 - INFO - Env 34, Goal (011.5, -16.7), Episode 00001, setp 098, Reward 13.6 , Reach Goal,
2024-11-22 22:21:48,495 - INFO - Env 42, Goal (009.2, -03.8), Episode 00001, setp 125, Reward 13.7 , Reach Goal,
2024-11-22 22:21:48,495 - INFO - Env 41, Goal (010.8, -14.3), Episode 00001, setp 103, Reward 13.5 , Reach Goal,
2024-11-22 22:21:48,496 - INFO - Env 43, Goal (015.1, -01.4), Episode 00001, setp 110, Reward 13.5 , Reach Goal,
2024-11-22 22:21:48,496 - INFO - Env 40, Goal (010.6, -04.9), Episode 00001, setp 094, Reward -20.7, Crashed,
2024-11-22 22:21:48,496 - INFO - Env 38, Goal (017.7, -15.9), Episode 00001, setp 092, Reward 13.4 , Reach Goal,
2024-11-22 22:21:48,506 - INFO - Env 37, Goal (009.6, -03.9), Episode 00001, setp 093, Reward 13.4 , Reach Goal,
2024-11-22 22:21:49,254 - INFO - Env 04, Goal (-12.5, 004.0), Episode 00002, setp 077, Reward 13.6 , Reach Goal,
2024-11-22 22:21:49,254 - INFO - Env 00, Goal (-18.0, 011.5), Episode 00002, setp 076, Reward 13.6 , Reach Goal,
2024-11-22 22:21:49,254 - INFO - Env 02, Goal (-07.0, 011.5), Episode 00002, setp 071, Reward 13.2 , Reach Goal,
2024-11-22 22:21:49,254 - INFO - Env 01, Goal (-18.0, 009.5), Episode 00002, setp 067, Reward 13.7 , Reach Goal,
2024-11-22 22:21:49,255 - INFO - Env 03, Goal (-07.0, 009.5), Episode 00002, setp 079, Reward 13.4 , Reach Goal,
2024-11-22 22:21:49,255 - INFO - Env 05, Goal (-12.5, 017.0), Episode 00002, setp 079, Reward 13.6 , Reach Goal,
2024-11-22 22:21:50,941 - INFO - Env 16, Goal (005.5, -02.5), Episode 00006, setp 031, Reward 13.7 , Reach Goal,
2024-11-22 22:21:50,941 - INFO - Env 17, Goal (-02.5, -02.5), Episode 00006, setp 032, Reward 13.5 , Reach Goal,
2024-11-22 22:21:50,941 - INFO - Env 15, Goal (003.5, -02.5), Episode 00006, setp 030, Reward 13.4 , Reach Goal,
2024-11-22 22:21:50,941 - INFO - Env 18, Goal (-00.5, -02.5), Episode 00006, setp 033, Reward 13.4 , Reach Goal,
2024-11-22 22:21:57,184 - INFO - Env 22, Goal (003.5, -05.5), Episode 00002, setp 082, Reward 13.5 , Reach Goal,
2024-11-22 22:21:57,184 - INFO - Env 23, Goal (005.5, -05.5), Episode 00002, setp 079, Reward 13.6 , Reach Goal,
2024-11-22 22:21:57,184 - INFO - Env 19, Goal (-02.5, -05.5), Episode 00002, setp 087, Reward 13.3 , Reach Goal,
2024-11-22 22:21:57,184 - INFO - Env 20, Goal (-00.5, -05.5), Episode 00002, setp 075, Reward 13.4 , Reach Goal,
2024-11-22 22:21:57,185 - INFO - Env 21, Goal (001.5, -05.5), Episode 00002, setp 088, Reward 13.5 , Reach Goal,
2024-11-22 22:21:57,994 - INFO - Env 32, Goal (-13.8, -04.3), Episode 00002, setp 089, Reward 13.5 , Reach Goal,
2024-11-22 22:21:57,994 - INFO - Env 24, Goal (-18.0, -10.0), Episode 00002, setp 091, Reward 13.3 , Reach Goal,
2024-11-22 22:21:57,994 - INFO - Env 27, Goal (-10.2, -15.7), Episode 00002, setp 078, Reward 13.7 , Reach Goal,
2024-11-22 22:21:57,994 - INFO - Env 29, Goal (-06.0, -10.0), Episode 00002, setp 081, Reward 13.7 , Reach Goal,
2024-11-22 22:21:57,994 - INFO - Env 30, Goal (-07.2, -06.5), Episode 00002, setp 083, Reward 13.6 , Reach Goal,
2024-11-22 22:21:57,994 - INFO - Env 25, Goal (-16.9, -13.5), Episode 00002, setp 083, Reward 13.7 , Reach Goal,
2024-11-22 22:21:57,994 - INFO - Env 28, Goal (-07.2, -13.5), Episode 00002, setp 079, Reward 13.6 , Reach Goal,
2024-11-22 22:21:57,995 - INFO - Env 31, Goal (-10.2, -04.3), Episode 00002, setp 087, Reward 13.7 , Reach Goal,
2024-11-22 22:21:57,995 - INFO - Env 33, Goal (-16.9, -06.5), Episode 00002, setp 091, Reward 13.5 , Reach Goal,
2024-11-22 22:21:57,994 - INFO - Env 26, Goal (-13.8, -15.7), Episode 00002, setp 078, Reward 13.4 , Reach Goal,
2024-11-22 22:21:59,080 - INFO - Env 14, Goal (018.0, 010.0), Episode 00002, setp 097, Reward 13.7 , Reach Goal,
2024-11-22 22:21:59,080 - INFO - Env 10, Goal (010.0, 010.0), Episode 00002, setp 082, Reward 13.7 , Reach Goal,
2024-11-22 22:21:59,080 - INFO - Env 12, Goal (014.0, 010.0), Episode 00002, setp 036, Reward 13.7 , Reach Goal,
2024-11-22 22:21:59,080 - INFO - Env 13, Goal (016.0, 010.0), Episode 00002, setp 062, Reward 13.7 , Reach Goal,
2024-11-22 22:21:59,080 - INFO - Env 11, Goal (012.0, 010.0), Episode 00002, setp 049, Reward 13.5 , Reach Goal,
2024-11-22 22:21:59,976 - INFO - Env 18, Goal (-00.5, -02.5), Episode 00007, setp 033, Reward 13.4 , Reach Goal,
2024-11-22 22:21:59,976 - INFO - Env 16, Goal (005.5, -02.5), Episode 00007, setp 031, Reward 13.7 , Reach Goal,
2024-11-22 22:21:59,976 - INFO - Env 17, Goal (-02.5, -02.5), Episode 00007, setp 032, Reward 13.6 , Reach Goal,
2024-11-22 22:21:59,976 - INFO - Env 15, Goal (003.5, -02.5), Episode 00007, setp 031, Reward 13.4 , Reach Goal,
2024-11-22 22:22:06,672 - INFO - Env 16, Goal (005.5, -02.5), Episode 00008, setp 033, Reward 13.7 , Reach Goal,
2024-11-22 22:22:06,672 - INFO - Env 05, Goal (-12.5, 017.0), Episode 00003, setp 072, Reward 13.6 , Reach Goal,
2024-11-22 22:22:06,672 - INFO - Env 03, Goal (-07.0, 009.5), Episode 00003, setp 035, Reward -28.4, Crashed,
2024-11-22 22:22:06,672 - INFO - Env 01, Goal (-18.0, 009.5), Episode 00003, setp 061, Reward 13.5 , Reach Goal,
2024-11-22 22:22:06,672 - INFO - Env 15, Goal (003.5, -02.5), Episode 00008, setp 032, Reward 13.5 , Reach Goal,
2024-11-22 22:22:06,672 - INFO - Env 04, Goal (-12.5, 004.0), Episode 00003, setp 075, Reward 13.6 , Reach Goal,
2024-11-22 22:22:06,672 - INFO - Env 17, Goal (-02.5, -02.5), Episode 00008, setp 034, Reward 13.4 , Reach Goal,
2024-11-22 22:22:06,672 - INFO - Env 02, Goal (-07.0, 011.5), Episode 00003, setp 066, Reward 13.4 , Reach Goal,
2024-11-22 22:22:06,672 - INFO - Env 18, Goal (-00.5, -02.5), Episode 00008, setp 033, Reward 13.3 , Reach Goal,
2024-11-22 22:22:06,711 - INFO - Env 00, Goal (-18.0, 011.5), Episode 00003, setp 069, Reward 13.4 , Reach Goal,
2024-11-22 22:22:08,710 - INFO - Env 09, Goal (005.0, 003.0), Episode 00002, setp 107, Reward 13.5 , Reach Goal,
2024-11-22 22:22:08,710 - INFO - Env 08, Goal (003.0, 003.0), Episode 00002, setp 027, Reward -36.2, Crashed,
2024-11-22 22:22:08,710 - INFO - Env 07, Goal (000.0, 003.0), Episode 00002, setp 074, Reward 13.7 , Reach Goal,
2024-11-22 22:22:08,715 - INFO - Env 06, Goal (-02.0, 003.0), Episode 00002, setp 097, Reward 13.4 , Reach Goal,
2024-11-22 22:22:11,250 - INFO - Env 34, Goal (011.4, -13.3), Episode 00002, setp 072, Reward -23.1, Crashed,
2024-11-22 22:22:11,250 - INFO - Env 40, Goal (012.2, -02.8), Episode 00002, setp 078, Reward 13.7 , Reach Goal,
2024-11-22 22:22:11,250 - INFO - Env 41, Goal (012.7, -19.0), Episode 00002, setp 100, Reward 13.5 , Reach Goal,
2024-11-22 22:22:11,255 - INFO - Env 39, Goal (009.7, -14.8), Episode 00002, setp 080, Reward 13.5 , Reach Goal,
2024-11-22 22:22:11,255 - INFO - Env 42, Goal (018.0, -02.8), Episode 00002, setp 082, Reward 13.6 , Reach Goal,
2024-11-22 22:22:11,256 - INFO - Env 35, Goal (015.7, -01.3), Episode 00002, setp 058, Reward -38.4, Crashed,
2024-11-22 22:22:11,256 - INFO - Env 43, Goal (015.1, -18.6), Episode 00002, setp 055, Reward 13.4 , Reach Goal,
2024-11-22 22:22:11,258 - INFO - Env 38, Goal (015.8, -04.6), Episode 00002, setp 047, Reward -29.6, Crashed,
2024-11-22 22:22:11,259 - INFO - Env 36, Goal (014.8, -17.3), Episode 00002, setp 056, Reward -31.9, Crashed,
2024-11-22 22:22:11,286 - INFO - Env 37, Goal (009.8, -04.4), Episode 00002, setp 066, Reward -31.1, Crashed,
2024-11-22 22:22:13,350 - INFO - Env 15, Goal (003.5, -02.5), Episode 00009, setp 032, Reward 13.6 , Reach Goal,
2024-11-22 22:22:13,350 - INFO - Env 16, Goal (005.5, -02.5), Episode 00009, setp 031, Reward 13.6 , Reach Goal,
2024-11-22 22:22:13,350 - INFO - Env 17, Goal (-02.5, -02.5), Episode 00009, setp 034, Reward 13.5 , Reach Goal,
2024-11-22 22:22:13,350 - INFO - Env 18, Goal (-00.5, -02.5), Episode 00009, setp 033, Reward 13.4 , Reach Goal,
2024-11-22 22:22:15,780 - INFO - Env 21, Goal (001.5, -05.5), Episode 00003, setp 088, Reward 13.7 , Reach Goal,
2024-11-22 22:22:15,780 - INFO - Env 20, Goal (-00.5, -05.5), Episode 00003, setp 072, Reward 13.7 , Reach Goal,
2024-11-22 22:22:15,780 - INFO - Env 22, Goal (003.5, -05.5), Episode 00003, setp 087, Reward 13.4 , Reach Goal,
2024-11-22 22:22:15,780 - INFO - Env 19, Goal (-02.5, -05.5), Episode 00003, setp 084, Reward 13.4 , Reach Goal,
2024-11-22 22:22:15,780 - INFO - Env 23, Goal (005.5, -05.5), Episode 00003, setp 079, Reward 13.7 , Reach Goal,
2024-11-22 22:22:16,540 - INFO - Env 32, Goal (-13.8, -04.3), Episode 00003, setp 087, Reward 13.3 , Reach Goal,
2024-11-22 22:22:16,540 - INFO - Env 33, Goal (-16.9, -06.5), Episode 00003, setp 088, Reward 13.7 , Reach Goal,
2024-11-22 22:22:16,545 - INFO - Env 29, Goal (-06.0, -10.0), Episode 00003, setp 079, Reward 13.5 , Reach Goal,
2024-11-22 22:22:16,556 - INFO - Env 30, Goal (-07.2, -06.5), Episode 00003, setp 081, Reward 13.3 , Reach Goal,
2024-11-22 22:22:16,565 - INFO - Env 28, Goal (-07.2, -13.5), Episode 00003, setp 075, Reward 13.6 , Reach Goal,
2024-11-22 22:22:16,565 - INFO - Env 26, Goal (-13.8, -15.7), Episode 00003, setp 075, Reward 13.5 , Reach Goal,
2024-11-22 22:22:16,566 - INFO - Env 27, Goal (-10.2, -15.7), Episode 00003, setp 074, Reward 13.5 , Reach Goal,
2024-11-22 22:22:16,568 - INFO - Env 24, Goal (-18.0, -10.0), Episode 00003, setp 079, Reward 13.3 , Reach Goal,
2024-11-22 22:22:16,569 - INFO - Env 31, Goal (-10.2, -04.3), Episode 00003, setp 086, Reward 13.7 , Reach Goal,
2024-11-22 22:22:16,583 - INFO - Env 25, Goal (-16.9, -13.5), Episode 00003, setp 077, Reward 13.7 , Reach Goal,
2024-11-22 22:22:19,980 - INFO - Env 18, Goal (-00.5, -02.5), Episode 00010, setp 033, Reward 13.4 , Reach Goal,
2024-11-22 22:22:19,981 - INFO - Env 15, Goal (003.5, -02.5), Episode 00010, setp 032, Reward 13.7 , Reach Goal,
2024-11-22 22:22:19,981 - INFO - Env 17, Goal (-02.5, -02.5), Episode 00010, setp 032, Reward 13.4 , Reach Goal,
2024-11-22 22:22:19,981 - INFO - Env 16, Goal (005.5, -02.5), Episode 00010, setp 031, Reward 13.7 , Reach Goal,
2024-11-22 22:22:21,395 - INFO - Env 02, Goal (-07.0, 011.5), Episode 00004, setp 064, Reward 13.7 , Reach Goal,
2024-11-22 22:22:21,395 - INFO - Env 01, Goal (-18.0, 009.5), Episode 00004, setp 062, Reward 13.6 , Reach Goal,
2024-11-22 22:22:21,395 - INFO - Env 00, Goal (-18.0, 011.5), Episode 00004, setp 071, Reward 13.6 , Reach Goal,
2024-11-22 22:22:21,395 - INFO - Env 05, Goal (-12.5, 017.0), Episode 00004, setp 072, Reward 13.5 , Reach Goal,
2024-11-22 22:22:21,395 - INFO - Env 03, Goal (-07.0, 009.5), Episode 00004, setp 071, Reward 13.5 , Reach Goal,
2024-11-22 22:22:21,395 - INFO - Env 04, Goal (-12.5, 004.0), Episode 00004, setp 072, Reward 13.5 , Reach Goal,
2024-11-22 22:22:28,188 - INFO - Env 17, Goal (-02.5, -02.5), Episode 00011, setp 033, Reward 13.5 , Reach Goal,
2024-11-22 22:22:28,188 - INFO - Env 15, Goal (003.5, -02.5), Episode 00011, setp 030, Reward 13.3 , Reach Goal,
2024-11-22 22:22:28,188 - INFO - Env 18, Goal (-00.5, -02.5), Episode 00011, setp 032, Reward 13.7 , Reach Goal,
2024-11-22 22:22:28,189 - INFO - Env 16, Goal (005.5, -02.5), Episode 00011, setp 031, Reward 13.5 , Reach Goal,
2024-11-22 22:22:30,873 - INFO - Env 09, Goal (005.0, 003.0), Episode 00003, setp 104, Reward 13.6 , Reach Goal,
2024-11-22 22:22:30,873 - INFO - Env 07, Goal (000.0, 003.0), Episode 00003, setp 078, Reward 13.4 , Reach Goal,
2024-11-22 22:22:30,873 - INFO - Env 06, Goal (-02.0, 003.0), Episode 00003, setp 098, Reward 13.3 , Reach Goal,
2024-11-22 22:22:30,873 - INFO - Env 08, Goal (003.0, 003.0), Episode 00003, setp 072, Reward 13.7 , Reach Goal,
2024-11-22 22:22:33,185 - INFO - Env 40, Goal (017.7, -04.1), Episode 00003, setp 045, Reward -35.2, Crashed,
2024-11-22 22:22:33,185 - INFO - Env 39, Goal (018.2, -13.9), Episode 00003, setp 070, Reward -28.0, Crashed,
2024-11-22 22:22:33,185 - INFO - Env 37, Goal (010.2, -17.9), Episode 00003, setp 061, Reward -39.8, Crashed,
2024-11-22 22:22:33,185 - INFO - Env 42, Goal (017.6, -04.0), Episode 00003, setp 102, Reward 13.6 , Reach Goal,
2024-11-22 22:22:33,185 - INFO - Env 38, Goal (018.9, -04.8), Episode 00003, setp 093, Reward 13.3 , Reach Goal,
2024-11-22 22:22:33,185 - INFO - Env 41, Goal (010.9, -18.6), Episode 00003, setp 066, Reward -41.5, Crashed,
2024-11-22 22:22:33,185 - INFO - Env 43, Goal (009.5, -18.6), Episode 00003, setp 048, Reward -36.4, Crashed,
2024-11-22 22:22:33,193 - INFO - Env 34, Goal (015.2, -04.1), Episode 00003, setp 061, Reward -27.6, Crashed,
2024-11-22 22:22:33,195 - INFO - Env 36, Goal (010.2, -13.6), Episode 00003, setp 047, Reward -31.8, Crashed,
2024-11-22 22:22:33,204 - INFO - Env 35, Goal (017.5, -04.0), Episode 00003, setp 049, Reward -37.0, Crashed,
2024-11-22 22:22:34,412 - INFO - Env 21, Goal (001.5, -05.5), Episode 00004, setp 084, Reward 13.6 , Reach Goal,
2024-11-22 22:22:34,412 - INFO - Env 19, Goal (-02.5, -05.5), Episode 00004, setp 076, Reward 13.7 , Reach Goal,
2024-11-22 22:22:34,413 - INFO - Env 20, Goal (-00.5, -05.5), Episode 00004, setp 069, Reward 13.6 , Reach Goal,
2024-11-22 22:22:34,413 - INFO - Env 23, Goal (005.5, -05.5), Episode 00004, setp 075, Reward 13.5 , Reach Goal,
2024-11-22 22:22:34,413 - INFO - Env 22, Goal (003.5, -05.5), Episode 00004, setp 077, Reward 13.5 , Reach Goal,
2024-11-22 22:22:35,530 - INFO - Env 18, Goal (-00.5, -02.5), Episode 00012, setp 034, Reward 13.7 , Reach Goal,
2024-11-22 22:22:35,530 - INFO - Env 16, Goal (005.5, -02.5), Episode 00012, setp 031, Reward 13.7 , Reach Goal,
2024-11-22 22:22:35,530 - INFO - Env 24, Goal (-18.0, -10.0), Episode 00004, setp 077, Reward 13.6 , Reach Goal,
2024-11-22 22:22:35,530 - INFO - Env 32, Goal (-13.8, -04.3), Episode 00004, setp 079, Reward 13.6 , Reach Goal,
2024-11-22 22:22:35,530 - INFO - Env 28, Goal (-07.2, -13.5), Episode 00004, setp 073, Reward 13.6 , Reach Goal,
2024-11-22 22:22:35,530 - INFO - Env 26, Goal (-13.8, -15.7), Episode 00004, setp 073, Reward 13.5 , Reach Goal,
2024-11-22 22:22:35,530 - INFO - Env 17, Goal (-02.5, -02.5), Episode 00012, setp 032, Reward 13.3 , Reach Goal,
2024-11-22 22:22:35,530 - INFO - Env 15, Goal (003.5, -02.5), Episode 00012, setp 032, Reward 13.7 , Reach Goal,
2024-11-22 22:22:35,530 - INFO - Env 25, Goal (-16.9, -13.5), Episode 00004, setp 075, Reward 13.5 , Reach Goal,
2024-11-22 22:22:35,530 - INFO - Env 31, Goal (-10.2, -04.3), Episode 00004, setp 075, Reward 13.4 , Reach Goal,
2024-11-22 22:22:35,530 - INFO - Env 27, Goal (-10.2, -15.7), Episode 00004, setp 072, Reward 13.5 , Reach Goal,
2024-11-22 22:22:35,530 - INFO - Env 30, Goal (-07.2, -06.5), Episode 00004, setp 086, Reward 13.7 , Reach Goal,
2024-11-22 22:22:35,530 - INFO - Env 33, Goal (-16.9, -06.5), Episode 00004, setp 077, Reward 13.6 , Reach Goal,
2024-11-22 22:22:35,531 - INFO - Env 29, Goal (-06.0, -10.0), Episode 00004, setp 076, Reward 13.7 , Reach Goal,
2024-11-22 22:22:38,269 - INFO - Env 03, Goal (-07.0, 009.5), Episode 00005, setp 034, Reward -30.4, Crashed,
2024-11-22 22:22:38,269 - INFO - Env 04, Goal (-12.5, 004.0), Episode 00005, setp 070, Reward 13.5 , Reach Goal,
2024-11-22 22:22:38,269 - INFO - Env 02, Goal (-07.0, 011.5), Episode 00005, setp 063, Reward 13.7 , Reach Goal,
2024-11-22 22:22:38,269 - INFO - Env 01, Goal (-18.0, 009.5), Episode 00005, setp 063, Reward 13.3 , Reach Goal,
2024-11-22 22:22:38,270 - INFO - Env 05, Goal (-12.5, 017.0), Episode 00005, setp 074, Reward 13.5 , Reach Goal,
2024-11-22 22:22:38,326 - INFO - Env 00, Goal (-18.0, 011.5), Episode 00005, setp 035, Reward -28.9, Crashed,
2024-11-22 22:22:41,740 - INFO - Env 14, Goal (018.0, 010.0), Episode 00003, setp 201, Reward -8.9 , Time out,
2024-11-22 22:22:41,740 - INFO - Env 13, Goal (016.0, 010.0), Episode 00003, setp 062, Reward 13.5 , Reach Goal,
2024-11-22 22:22:41,740 - INFO - Env 11, Goal (012.0, 010.0), Episode 00003, setp 050, Reward 13.5 , Reach Goal,
2024-11-22 22:22:41,740 - INFO - Env 10, Goal (010.0, 010.0), Episode 00003, setp 082, Reward 13.6 , Reach Goal,
2024-11-22 22:22:41,741 - INFO - Env 12, Goal (014.0, 010.0), Episode 00003, setp 033, Reward 13.6 , Reach Goal,
2024-11-22 22:22:42,709 - INFO - Env 16, Goal (005.5, -02.5), Episode 00013, setp 033, Reward 13.7 , Reach Goal,
2024-11-22 22:22:42,709 - INFO - Env 17, Goal (-02.5, -02.5), Episode 00013, setp 034, Reward 13.7 , Reach Goal,
2024-11-22 22:22:42,710 - INFO - Env 18, Goal (-00.5, -02.5), Episode 00013, setp 034, Reward 13.4 , Reach Goal,
2024-11-22 22:22:42,710 - INFO - Env 15, Goal (003.5, -02.5), Episode 00013, setp 032, Reward 13.5 , Reach Goal,
2024-11-22 22:22:48,411 - INFO - Env 17, Goal (-02.5, -02.5), Episode 00014, setp 033, Reward 13.7 , Reach Goal,
2024-11-22 22:22:48,411 - INFO - Env 15, Goal (003.5, -02.5), Episode 00014, setp 032, Reward 13.5 , Reach Goal,
2024-11-22 22:22:48,411 - INFO - Env 16, Goal (005.5, -02.5), Episode 00014, setp 032, Reward 13.7 , Reach Goal,
2024-11-22 22:22:48,412 - INFO - Env 18, Goal (-00.5, -02.5), Episode 00014, setp 033, Reward 13.6 , Reach Goal,
2024-11-22 22:22:52,574 - INFO - Env 20, Goal (-00.5, -05.5), Episode 00005, setp 070, Reward 13.7 , Reach Goal,
2024-11-22 22:22:52,574 - INFO - Env 21, Goal (001.5, -05.5), Episode 00005, setp 085, Reward 13.5 , Reach Goal,
2024-11-22 22:22:52,575 - INFO - Env 23, Goal (005.5, -05.5), Episode 00005, setp 072, Reward 13.3 , Reach Goal,
2024-11-22 22:22:52,575 - INFO - Env 19, Goal (-02.5, -05.5), Episode 00005, setp 083, Reward 13.5 , Reach Goal,
2024-11-22 22:22:52,575 - INFO - Env 22, Goal (003.5, -05.5), Episode 00005, setp 078, Reward 13.6 , Reach Goal,
2024-11-22 22:22:53,254 - INFO - Env 08, Goal (003.0, 003.0), Episode 00004, setp 074, Reward 13.6 , Reach Goal,
2024-11-22 22:22:53,254 - INFO - Env 09, Goal (005.0, 003.0), Episode 00004, setp 101, Reward 13.4 , Reach Goal,
2024-11-22 22:22:53,254 - INFO - Env 06, Goal (-02.0, 003.0), Episode 00004, setp 100, Reward 13.3 , Reach Goal,
2024-11-22 22:22:53,255 - INFO - Env 07, Goal (000.0, 003.0), Episode 00004, setp 080, Reward 13.5 , Reach Goal,
2024-11-22 22:22:54,548 - INFO - Env 32, Goal (-13.8, -04.3), Episode 00005, setp 086, Reward 13.3 , Reach Goal,
2024-11-22 22:22:54,548 - INFO - Env 24, Goal (-18.0, -10.0), Episode 00005, setp 084, Reward 13.6 , Reach Goal,
2024-11-22 22:22:54,548 - INFO - Env 33, Goal (-16.9, -06.5), Episode 00005, setp 087, Reward 13.7 , Reach Goal,
2024-11-22 22:22:54,548 - INFO - Env 28, Goal (-07.2, -13.5), Episode 00005, setp 075, Reward 13.4 , Reach Goal,
2024-11-22 22:22:54,548 - INFO - Env 25, Goal (-16.9, -13.5), Episode 00005, setp 079, Reward 13.4 , Reach Goal,
2024-11-22 22:22:54,548 - INFO - Env 27, Goal (-10.2, -15.7), Episode 00005, setp 073, Reward 13.7 , Reach Goal,
2024-11-22 22:22:54,549 - INFO - Env 26, Goal (-13.8, -15.7), Episode 00005, setp 074, Reward 13.6 , Reach Goal,
2024-11-22 22:22:54,549 - INFO - Env 30, Goal (-07.2, -06.5), Episode 00005, setp 081, Reward 13.6 , Reach Goal,
2024-11-22 22:22:54,549 - INFO - Env 31, Goal (-10.2, -04.3), Episode 00005, setp 085, Reward 13.7 , Reach Goal,
2024-11-22 22:22:54,549 - INFO - Env 29, Goal (-06.0, -10.0), Episode 00005, setp 077, Reward 13.4 , Reach Goal,
2024-11-22 22:22:57,242 - INFO - Env 17, Goal (-02.5, -02.5), Episode 00015, setp 033, Reward 13.7 , Reach Goal,
2024-11-22 22:22:57,242 - INFO - Env 18, Goal (-00.5, -02.5), Episode 00015, setp 034, Reward 13.6 , Reach Goal,
2024-11-22 22:22:57,242 - INFO - Env 16, Goal (005.5, -02.5), Episode 00015, setp 032, Reward 13.2 , Reach Goal,
2024-11-22 22:22:57,247 - INFO - Env 15, Goal (003.5, -02.5), Episode 00015, setp 030, Reward 13.4 , Reach Goal,
2024-11-22 22:23:00,730 - INFO - Env 10, Goal (010.0, 010.0), Episode 00004, setp 076, Reward 13.5 , Reach Goal,
2024-11-22 22:23:00,730 - INFO - Env 12, Goal (014.0, 010.0), Episode 00004, setp 031, Reward 13.4 , Reach Goal,
2024-11-22 22:23:00,730 - INFO - Env 14, Goal (018.0, 010.0), Episode 00004, setp 093, Reward 13.5 , Reach Goal,
2024-11-22 22:23:00,740 - INFO - Env 13, Goal (016.0, 010.0), Episode 00004, setp 058, Reward 13.2 , Reach Goal,
2024-11-22 22:23:00,744 - INFO - Env 11, Goal (012.0, 010.0), Episode 00004, setp 045, Reward 13.5 , Reach Goal,
2024-11-22 22:23:02,500 - INFO - Env 16, Goal (005.5, -02.5), Episode 00016, setp 031, Reward 13.6 , Reach Goal,
2024-11-22 22:23:02,500 - INFO - Env 18, Goal (-00.5, -02.5), Episode 00016, setp 033, Reward 13.7 , Reach Goal,
2024-11-22 22:23:02,501 - INFO - Env 17, Goal (-02.5, -02.5), Episode 00016, setp 033, Reward 13.5 , Reach Goal,
2024-11-22 22:23:02,501 - INFO - Env 15, Goal (003.5, -02.5), Episode 00016, setp 031, Reward 13.6 , Reach Goal,
2024-11-22 22:23:08,116 - INFO - Env 02, Goal (-07.0, 011.5), Episode 00006, setp 157, Reward -16.6, Crashed,
2024-11-22 22:23:08,116 - INFO - Env 01, Goal (-18.0, 009.5), Episode 00006, setp 064, Reward -16.9, Crashed,
2024-11-22 22:23:08,116 - INFO - Env 04, Goal (-12.5, 004.0), Episode 00006, setp 071, Reward 13.6 , Reach Goal,
2024-11-22 22:23:08,116 - INFO - Env 20, Goal (-00.5, -05.5), Episode 00006, setp 073, Reward 13.6 , Reach Goal,
2024-11-22 22:23:08,116 - INFO - Env 16, Goal (005.5, -02.5), Episode 00017, setp 031, Reward 13.6 , Reach Goal,
2024-11-22 22:23:08,117 - INFO - Env 21, Goal (001.5, -05.5), Episode 00006, setp 088, Reward 13.6 , Reach Goal,
2024-11-22 22:23:08,117 - INFO - Env 22, Goal (003.5, -05.5), Episode 00006, setp 083, Reward 13.3 , Reach Goal,
2024-11-22 22:23:08,117 - INFO - Env 18, Goal (-00.5, -02.5), Episode 00017, setp 035, Reward 13.6 , Reach Goal,
2024-11-22 22:23:08,116 - INFO - Env 05, Goal (-12.5, 017.0), Episode 00006, setp 072, Reward 13.6 , Reach Goal,
2024-11-22 22:23:08,119 - INFO - Env 17, Goal (-02.5, -02.5), Episode 00017, setp 032, Reward 13.5 , Reach Goal,
2024-11-22 22:23:08,138 - INFO - Env 00, Goal (-18.0, 011.5), Episode 00006, setp 001, Reward -42.5, Crashed,
2024-11-22 22:23:08,148 - INFO - Env 19, Goal (-02.5, -05.5), Episode 00006, setp 075, Reward 13.5 , Reach Goal,
2024-11-22 22:23:08,148 - INFO - Env 03, Goal (-07.0, 009.5), Episode 00006, setp 001, Reward -42.5, Crashed,
2024-11-22 22:23:08,148 - INFO - Env 23, Goal (005.5, -05.5), Episode 00006, setp 074, Reward 13.7 , Reach Goal,
2024-11-22 22:23:08,148 - INFO - Env 15, Goal (003.5, -02.5), Episode 00017, setp 030, Reward 13.2 , Reach Goal,
2024-11-22 22:23:09,064 - INFO - Env 32, Goal (-13.8, -04.3), Episode 00006, setp 083, Reward 13.5 , Reach Goal,
2024-11-22 22:23:09,064 - INFO - Env 30, Goal (-07.2, -06.5), Episode 00006, setp 076, Reward 13.5 , Reach Goal,
2024-11-22 22:23:09,064 - INFO - Env 24, Goal (-18.0, -10.0), Episode 00006, setp 084, Reward 13.7 , Reach Goal,
2024-11-22 22:23:09,064 - INFO - Env 33, Goal (-16.9, -06.5), Episode 00006, setp 085, Reward 13.3 , Reach Goal,
2024-11-22 22:23:09,064 - INFO - Env 26, Goal (-13.8, -15.7), Episode 00006, setp 074, Reward 13.6 , Reach Goal,
2024-11-22 22:23:09,065 - INFO - Env 28, Goal (-07.2, -13.5), Episode 00006, setp 072, Reward 13.7 , Reach Goal,
2024-11-22 22:23:09,066 - INFO - Env 29, Goal (-06.0, -10.0), Episode 00006, setp 074, Reward 13.5 , Reach Goal,
2024-11-22 22:23:09,066 - INFO - Env 27, Goal (-10.2, -15.7), Episode 00006, setp 071, Reward 13.4 , Reach Goal,
2024-11-22 22:23:09,079 - INFO - Env 25, Goal (-16.9, -13.5), Episode 00006, setp 044, Reward -30.2, Crashed,
2024-11-22 22:23:09,091 - INFO - Env 31, Goal (-10.2, -04.3), Episode 00006, setp 079, Reward 13.3 , Reach Goal,
2024-11-22 22:23:10,652 - INFO - Env 14, Goal (018.0, 010.0), Episode 00005, setp 047, Reward -30.0, Crashed,
2024-11-22 22:23:10,652 - INFO - Env 10, Goal (010.0, 010.0), Episode 00005, setp 053, Reward -27.8, Crashed,
2024-11-22 22:23:10,652 - INFO - Env 11, Goal (012.0, 010.0), Episode 00005, setp 030, Reward -23.7, Crashed,
2024-11-22 22:23:10,652 - INFO - Env 13, Goal (016.0, 010.0), Episode 00005, setp 029, Reward -23.9, Crashed,
2024-11-22 22:23:10,652 - INFO - Env 12, Goal (014.0, 010.0), Episode 00005, setp 030, Reward 13.4 , Reach Goal,
2024-11-22 22:23:12,105 - INFO - Env 08, Goal (003.0, 003.0), Episode 00005, setp 069, Reward 13.3 , Reach Goal,
2024-11-22 22:23:12,105 - INFO - Env 09, Goal (005.0, 003.0), Episode 00005, setp 101, Reward 13.4 , Reach Goal,
2024-11-22 22:23:12,105 - INFO - Env 07, Goal (000.0, 003.0), Episode 00005, setp 076, Reward 13.3 , Reach Goal,
2024-11-22 22:23:12,111 - INFO - Env 06, Goal (-02.0, 003.0), Episode 00005, setp 100, Reward 13.5 , Reach Goal,
2024-11-22 22:23:14,036 - INFO - Env 37, Goal (015.2, -02.7), Episode 00004, setp 091, Reward 13.5 , Reach Goal,
2024-11-22 22:23:14,036 - INFO - Env 41, Goal (016.6, -03.6), Episode 00004, setp 201, Reward -5.0 , Time out,
2024-11-22 22:23:14,036 - INFO - Env 34, Goal (014.7, -18.4), Episode 00004, setp 112, Reward 13.7 , Reach Goal,
2024-11-22 22:23:14,036 - INFO - Env 35, Goal (016.6, -15.2), Episode 00004, setp 201, Reward -3.8 , Time out,
2024-11-22 22:23:14,036 - INFO - Env 40, Goal (015.1, -02.9), Episode 00004, setp 037, Reward -37.7, Crashed,
2024-11-22 22:23:14,038 - INFO - Env 42, Goal (010.8, -01.1), Episode 00004, setp 001, Reward -59.9, Crashed,
2024-11-22 22:23:14,039 - INFO - Env 38, Goal (017.5, -14.7), Episode 00004, setp 052, Reward -31.8, Crashed,
2024-11-22 22:23:14,043 - INFO - Env 43, Goal (017.0, -15.3), Episode 00004, setp 074, Reward 13.5 , Reach Goal,
2024-11-22 22:23:14,045 - INFO - Env 39, Goal (017.7, -01.8), Episode 00004, setp 086, Reward -23.1, Crashed,
2024-11-22 22:23:14,049 - INFO - Env 36, Goal (018.2, -03.2), Episode 00004, setp 001, Reward -50.4, Crashed,
2024-11-22 22:23:17,369 - INFO - Env 18, Goal (-00.5, -02.5), Episode 00018, setp 033, Reward 13.4 , Reach Goal,
2024-11-22 22:23:17,369 - INFO - Env 15, Goal (003.5, -02.5), Episode 00018, setp 030, Reward 13.4 , Reach Goal,
2024-11-22 22:23:17,369 - INFO - Env 17, Goal (-02.5, -02.5), Episode 00018, setp 032, Reward 13.3 , Reach Goal,
2024-11-22 22:23:17,369 - INFO - Env 16, Goal (005.5, -02.5), Episode 00018, setp 031, Reward 13.5 , Reach Goal,
2024-11-22 22:23:22,847 - INFO - Env 18, Goal (-00.5, -02.5), Episode 00019, setp 033, Reward 13.6 , Reach Goal,
2024-11-22 22:23:22,847 - INFO - Env 16, Goal (005.5, -02.5), Episode 00019, setp 031, Reward 13.7 , Reach Goal,
2024-11-22 22:23:22,848 - INFO - Env 17, Goal (-02.5, -02.5), Episode 00019, setp 034, Reward 13.7 , Reach Goal,
2024-11-22 22:23:22,848 - INFO - Env 15, Goal (003.5, -02.5), Episode 00019, setp 031, Reward 13.6 , Reach Goal,
2024-11-22 22:23:25,175 - INFO - Env 01, Goal (-18.0, 009.5), Episode 00007, setp 065, Reward 13.6 , Reach Goal,
2024-11-22 22:23:25,175 - INFO - Env 04, Goal (-12.5, 004.0), Episode 00007, setp 073, Reward 13.5 , Reach Goal,
2024-11-22 22:23:25,175 - INFO - Env 05, Goal (-12.5, 017.0), Episode 00007, setp 081, Reward 13.3 , Reach Goal,
2024-11-22 22:23:25,176 - INFO - Env 02, Goal (-07.0, 011.5), Episode 00007, setp 064, Reward 13.7 , Reach Goal,
2024-11-22 22:23:25,176 - INFO - Env 03, Goal (-07.0, 009.5), Episode 00007, setp 073, Reward 13.7 , Reach Goal,
2024-11-22 22:23:25,206 - INFO - Env 00, Goal (-18.0, 011.5), Episode 00007, setp 074, Reward 13.6 , Reach Goal,
2024-11-22 22:23:25,558 - INFO - Env 19, Goal (-02.5, -05.5), Episode 00007, setp 082, Reward 13.7 , Reach Goal,
2024-11-22 22:23:25,558 - INFO - Env 22, Goal (003.5, -05.5), Episode 00007, setp 061, Reward -27.5, Crashed,
2024-11-22 22:23:25,558 - INFO - Env 21, Goal (001.5, -05.5), Episode 00007, setp 032, Reward -35.2, Crashed,
2024-11-22 22:23:25,558 - INFO - Env 23, Goal (005.5, -05.5), Episode 00007, setp 074, Reward 13.6 , Reach Goal,
2024-11-22 22:23:25,566 - INFO - Env 20, Goal (-00.5, -05.5), Episode 00007, setp 030, Reward -34.9, Crashed,
2024-11-22 22:23:26,354 - INFO - Env 14, Goal (018.0, 010.0), Episode 00006, setp 076, Reward 13.2 , Reach Goal,
2024-11-22 22:23:26,354 - INFO - Env 13, Goal (016.0, 010.0), Episode 00006, setp 048, Reward 13.7 , Reach Goal,
2024-11-22 22:23:26,354 - INFO - Env 12, Goal (014.0, 010.0), Episode 00006, setp 032, Reward 13.7 , Reach Goal,
2024-11-22 22:23:26,359 - INFO - Env 10, Goal (010.0, 010.0), Episode 00006, setp 001, Reward -29.8, Crashed,
2024-11-22 22:23:26,361 - INFO - Env 11, Goal (012.0, 010.0), Episode 00006, setp 001, Reward -29.8, Crashed,
2024-11-22 22:23:28,303 - INFO - Env 32, Goal (-13.8, -04.3), Episode 00007, setp 090, Reward 13.3 , Reach Goal,
2024-11-22 22:23:28,303 - INFO - Env 24, Goal (-18.0, -10.0), Episode 00007, setp 085, Reward 13.3 , Reach Goal,
2024-11-22 22:23:28,303 - INFO - Env 26, Goal (-13.8, -15.7), Episode 00007, setp 074, Reward 13.3 , Reach Goal,
2024-11-22 22:23:28,303 - INFO - Env 27, Goal (-10.2, -15.7), Episode 00007, setp 074, Reward 13.5 , Reach Goal,
2024-11-22 22:23:28,304 - INFO - Env 33, Goal (-16.9, -06.5), Episode 00007, setp 090, Reward 13.4 , Reach Goal,
2024-11-22 22:23:28,304 - INFO - Env 31, Goal (-10.2, -04.3), Episode 00007, setp 086, Reward 13.5 , Reach Goal,
2024-11-22 22:23:28,310 - INFO - Env 29, Goal (-06.0, -10.0), Episode 00007, setp 080, Reward 13.7 , Reach Goal,
2024-11-22 22:23:28,314 - INFO - Env 30, Goal (-07.2, -06.5), Episode 00007, setp 082, Reward 13.5 , Reach Goal,
2024-11-22 22:23:28,322 - INFO - Env 28, Goal (-07.2, -13.5), Episode 00007, setp 077, Reward 13.7 , Reach Goal,
2024-11-22 22:23:28,327 - INFO - Env 25, Goal (-16.9, -13.5), Episode 00007, setp 079, Reward 13.7 , Reach Goal,
2024-11-22 22:23:30,564 - INFO - Env 16, Goal (005.5, -02.5), Episode 00020, setp 032, Reward 13.3 , Reach Goal,
2024-11-22 22:23:30,564 - INFO - Env 17, Goal (-02.5, -02.5), Episode 00020, setp 037, Reward 13.4 , Reach Goal,
2024-11-22 22:23:30,564 - INFO - Env 15, Goal (003.5, -02.5), Episode 00020, setp 033, Reward 13.4 , Reach Goal,
2024-11-22 22:23:30,565 - INFO - Env 18, Goal (-00.5, -02.5), Episode 00020, setp 035, Reward 13.6 , Reach Goal,
2024-11-22 22:23:32,773 - INFO - Env 07, Goal (000.0, 003.0), Episode 00006, setp 078, Reward 13.6 , Reach Goal,
2024-11-22 22:23:32,773 - INFO - Env 08, Goal (003.0, 003.0), Episode 00006, setp 071, Reward 13.3 , Reach Goal,
2024-11-22 22:23:32,773 - INFO - Env 09, Goal (005.0, 003.0), Episode 00006, setp 103, Reward 13.7 , Reach Goal,
2024-11-22 22:23:32,774 - INFO - Env 06, Goal (-02.0, 003.0), Episode 00006, setp 099, Reward 13.5 , Reach Goal,
2024-11-22 22:23:35,597 - INFO - Env 10, Goal (010.0, 010.0), Episode 00007, setp 046, Reward -26.9, Crashed,
2024-11-22 22:23:35,597 - INFO - Env 12, Goal (014.0, 010.0), Episode 00007, setp 033, Reward 13.4 , Reach Goal,
2024-11-22 22:23:35,597 - INFO - Env 11, Goal (012.0, 010.0), Episode 00007, setp 050, Reward 13.6 , Reach Goal,
2024-11-22 22:23:35,598 - INFO - Env 14, Goal (018.0, 010.0), Episode 00007, setp 045, Reward -29.0, Crashed,
2024-11-22 22:23:35,598 - INFO - Env 13, Goal (016.0, 010.0), Episode 00007, setp 030, Reward -24.3, Crashed,
2024-11-22 22:23:36,294 - INFO - Env 34, Goal (015.8, -14.7), Episode 00005, setp 096, Reward 13.4 , Reach Goal,
2024-11-22 22:23:36,294 - INFO - Env 38, Goal (009.2, -14.1), Episode 00005, setp 001, Reward -36.2, Crashed,
2024-11-22 22:23:36,294 - INFO - Env 40, Goal (013.4, -18.3), Episode 00005, setp 111, Reward 13.3 , Reach Goal,
2024-11-22 22:23:36,294 - INFO - Env 35, Goal (013.6, -13.7), Episode 00005, setp 001, Reward -44.0, Crashed,
2024-11-22 22:23:36,294 - INFO - Env 39, Goal (011.4, -01.2), Episode 00005, setp 099, Reward 13.6 , Reach Goal,
2024-11-22 22:23:36,294 - INFO - Env 43, Goal (018.9, -14.8), Episode 00005, setp 001, Reward -42.9, Crashed,
2024-11-22 22:23:36,294 - INFO - Env 41, Goal (009.4, -01.1), Episode 00005, setp 084, Reward 13.4 , Reach Goal,
2024-11-22 22:23:36,294 - INFO - Env 42, Goal (009.3, -04.3), Episode 00005, setp 074, Reward 13.5 , Reach Goal,
2024-11-22 22:23:36,294 - INFO - Env 37, Goal (009.2, -01.9), Episode 00005, setp 041, Reward -39.3, Crashed,
2024-11-22 22:23:36,295 - INFO - Env 36, Goal (011.0, -18.7), Episode 00005, setp 042, Reward -33.8, Crashed,
2024-11-22 22:23:37,421 - INFO - Env 16, Goal (005.5, -02.5), Episode 00021, setp 033, Reward 13.6 , Reach Goal,
2024-11-22 22:23:37,421 - INFO - Env 18, Goal (-00.5, -02.5), Episode 00021, setp 035, Reward 13.7 , Reach Goal,
2024-11-22 22:23:37,422 - INFO - Env 17, Goal (-02.5, -02.5), Episode 00021, setp 033, Reward 13.6 , Reach Goal,
2024-11-22 22:23:37,422 - INFO - Env 15, Goal (003.5, -02.5), Episode 00021, setp 032, Reward 13.4 , Reach Goal,
2024-11-22 22:23:40,642 - INFO - Env 00, Goal (-18.0, 011.5), Episode 00008, setp 073, Reward 13.7 , Reach Goal,
2024-11-22 22:23:40,642 - INFO - Env 02, Goal (-07.0, 011.5), Episode 00008, setp 067, Reward 13.4 , Reach Goal,
2024-11-22 22:23:40,642 - INFO - Env 04, Goal (-12.5, 004.0), Episode 00008, setp 040, Reward -33.0, Crashed,
2024-11-22 22:23:40,642 - INFO - Env 05, Goal (-12.5, 017.0), Episode 00008, setp 072, Reward 13.7 , Reach Goal,
2024-11-22 22:23:40,642 - INFO - Env 03, Goal (-07.0, 009.5), Episode 00008, setp 043, Reward -27.7, Crashed,
2024-11-22 22:23:40,642 - INFO - Env 01, Goal (-18.0, 009.5), Episode 00008, setp 061, Reward 13.4 , Reach Goal,
2024-11-22 22:23:45,397 - INFO - Env 22, Goal (003.5, -05.5), Episode 00008, setp 086, Reward 13.6 , Reach Goal,
2024-11-22 22:23:45,397 - INFO - Env 21, Goal (001.5, -05.5), Episode 00008, setp 076, Reward 13.4 , Reach Goal,
2024-11-22 22:23:45,397 - INFO - Env 19, Goal (-02.5, -05.5), Episode 00008, setp 081, Reward 13.5 , Reach Goal,
2024-11-22 22:23:45,397 - INFO - Env 20, Goal (-00.5, -05.5), Episode 00008, setp 001, Reward -47.5, Crashed,
2024-11-22 22:23:45,397 - INFO - Env 23, Goal (005.5, -05.5), Episode 00008, setp 074, Reward 13.2 , Reach Goal,
2024-11-22 22:23:46,586 - INFO - Env 15, Goal (003.5, -02.5), Episode 00022, setp 033, Reward 13.5 , Reach Goal,
2024-11-22 22:23:46,586 - INFO - Env 17, Goal (-02.5, -02.5), Episode 00022, setp 033, Reward 13.6 , Reach Goal,
2024-11-22 22:23:46,586 - INFO - Env 18, Goal (-00.5, -02.5), Episode 00022, setp 032, Reward 13.5 , Reach Goal,
2024-11-22 22:23:46,586 - INFO - Env 16, Goal (005.5, -02.5), Episode 00022, setp 030, Reward 13.4 , Reach Goal,
2024-11-22 22:23:48,398 - INFO - Env 24, Goal (-18.0, -10.0), Episode 00008, setp 084, Reward 13.5 , Reach Goal,
2024-11-22 22:23:48,398 - INFO - Env 32, Goal (-13.8, -04.3), Episode 00008, setp 087, Reward 13.7 , Reach Goal,
2024-11-22 22:23:48,398 - INFO - Env 25, Goal (-16.9, -13.5), Episode 00008, setp 081, Reward 13.6 , Reach Goal,
2024-11-22 22:23:48,398 - INFO - Env 33, Goal (-16.9, -06.5), Episode 00008, setp 087, Reward 13.4 , Reach Goal,
2024-11-22 22:23:48,398 - INFO - Env 27, Goal (-10.2, -15.7), Episode 00008, setp 072, Reward 13.1 , Reach Goal,
2024-11-22 22:23:48,399 - INFO - Env 31, Goal (-10.2, -04.3), Episode 00008, setp 085, Reward 13.5 , Reach Goal,
2024-11-22 22:23:48,399 - INFO - Env 28, Goal (-07.2, -13.5), Episode 00008, setp 076, Reward 13.7 , Reach Goal,
2024-11-22 22:23:48,399 - INFO - Env 26, Goal (-13.8, -15.7), Episode 00008, setp 074, Reward 13.4 , Reach Goal,
2024-11-22 22:23:48,399 - INFO - Env 30, Goal (-07.2, -06.5), Episode 00008, setp 082, Reward 13.5 , Reach Goal,
2024-11-22 22:23:48,399 - INFO - Env 29, Goal (-06.0, -10.0), Episode 00008, setp 078, Reward 13.4 , Reach Goal,
2025-03-10 12:53:45,822 - INFO - ####################################
2025-03-10 12:53:45,822 - INFO - ############Loading Model###########
2025-03-10 12:53:45,822 - INFO - ####################################
2025-03-10 12:53:50,699 - INFO - Env 02, Goal (-07.2, -02.3), Episode 00001, setp 006, Reward -29.3, Distance 009.4, Crashed
2025-03-10 12:53:55,900 - INFO - Env 21, Goal (005.0, -02.0), Episode 00001, setp 055, Reward 38.5 , Distance 009.9, Reach Goal
2025-03-10 12:53:56,299 - INFO - Env 13, Goal (002.6, -01.0), Episode 00001, setp 056, Reward -11.5, Distance 008.1, Crashed
2025-03-10 12:53:56,300 - INFO - Env 21, Goal (-05.0, -03.2), Episode 00002, setp 002, Reward -15.0, Distance 008.8, Crashed
2025-03-10 12:53:56,300 - INFO - Env 00, Goal (-04.0, 006.2), Episode 00001, setp 056, Reward -5.7 , Distance 008.2, Crashed
2025-03-10 12:53:56,799 - INFO - Env 14, Goal (-02.3, -01.0), Episode 00001, setp 058, Reward 36.0 , Distance 009.0, Reach Goal
2025-03-10 12:53:57,300 - INFO - Env 07, Goal (002.2, 005.3), Episode 00001, setp 060, Reward 38.1 , Distance 009.8, Reach Goal
2025-03-10 12:53:57,699 - INFO - Env 15, Goal (-05.7, -03.2), Episode 00001, setp 061, Reward 36.8 , Distance 009.2, Reach Goal
2025-03-10 12:53:58,601 - INFO - Env 23, Goal (-00.3, -02.3), Episode 00001, setp 067, Reward -5.2 , Distance 009.5, Crashed
2025-03-10 12:54:00,100 - INFO - Env 06, Goal (-02.3, -00.1), Episode 00001, setp 080, Reward -1.4 , Distance 009.2, Crashed
2025-03-10 12:54:00,999 - INFO - Env 03, Goal (002.8, -02.3), Episode 00001, setp 087, Reward 37.8 , Distance 009.7, Reach Goal
2025-03-10 12:54:01,000 - INFO - Env 08, Goal (001.7, 004.4), Episode 00001, setp 087, Reward 38.3 , Distance 009.8, Reach Goal
2025-03-10 12:54:01,399 - INFO - Env 19, Goal (-06.7, -04.7), Episode 00001, setp 088, Reward 34.5 , Distance 008.5, Reach Goal
2025-03-10 12:54:03,299 - INFO - Env 01, Goal (-00.3, -05.4), Episode 00001, setp 105, Reward 34.9 , Distance 008.5, Reach Goal
2025-03-10 12:54:03,299 - INFO - Env 10, Goal (-04.9, 000.1), Episode 00001, setp 105, Reward 34.8 , Distance 008.4, Reach Goal
2025-03-10 12:54:04,500 - INFO - Env 16, Goal (000.1, 002.9), Episode 00001, setp 115, Reward -0.8 , Distance 008.8, Crashed
2025-03-10 12:54:04,799 - INFO - Env 09, Goal (004.4, -06.8), Episode 00001, setp 116, Reward 35.8 , Distance 008.9, Reach Goal
2025-03-10 12:54:04,800 - INFO - Env 04, Goal (-02.1, 007.8), Episode 00001, setp 116, Reward 36.9 , Distance 009.3, Reach Goal
2025-03-10 12:54:05,202 - INFO - Env 03, Goal (003.1, 004.6), Episode 00002, setp 031, Reward -8.9 , Distance 009.3, Crashed
2025-03-10 12:54:05,203 - INFO - Env 04, Goal (005.7, 003.1), Episode 00002, setp 002, Reward -15.0, Distance 009.0, Crashed
2025-03-10 12:54:06,119 - INFO - Env 22, Goal (002.0, 005.6), Episode 00001, setp 123, Reward 36.3 , Distance 009.0, Reach Goal
2025-03-10 12:54:06,600 - INFO - Env 12, Goal (-03.6, -01.1), Episode 00001, setp 125, Reward 37.8 , Distance 009.7, Reach Goal
2025-03-10 12:54:06,899 - INFO - Env 05, Goal (000.4, -00.0), Episode 00001, setp 126, Reward 35.3 , Distance 008.7, Reach Goal
2025-03-10 12:54:06,900 - INFO - Env 19, Goal (004.7, 006.1), Episode 00002, setp 039, Reward -13.7, Distance 009.1, Crashed
2025-03-10 12:54:06,900 - INFO - Env 15, Goal (-06.3, 004.8), Episode 00002, setp 066, Reward -2.1 , Distance 008.3, Crashed
2025-03-10 12:54:07,299 - INFO - Env 15, Goal (005.2, 003.6), Episode 00003, setp 002, Reward -15.0, Distance 008.2, Crashed
2025-03-10 12:54:07,299 - INFO - Env 18, Goal (-01.5, 000.5), Episode 00001, setp 127, Reward 35.8 , Distance 008.8, Reach Goal
2025-03-10 12:54:07,596 - INFO - Env 20, Goal (-00.0, -07.8), Episode 00001, setp 128, Reward 2.8  , Distance 008.3, Crashed
2025-03-10 12:54:08,699 - INFO - Env 11, Goal (005.2, -01.2), Episode 00001, setp 130, Reward 0.6  , Distance 008.4, Crashed
2025-03-10 12:54:11,099 - INFO - Env 17, Goal (001.3, 007.5), Episode 00001, setp 152, Reward 16.1 , Distance 008.7, Time out
2025-03-10 12:54:11,399 - INFO - Env 02, Goal (002.4, -00.3), Episode 00002, setp 148, Reward 37.1 , Distance 009.4, Reach Goal
2025-03-10 12:54:12,000 - INFO - Env 13, Goal (002.7, 008.5), Episode 00002, setp 101, Reward 34.5 , Distance 008.3, Reach Goal
2025-03-10 12:54:12,300 - INFO - Env 21, Goal (-08.0, -02.3), Episode 00003, setp 102, Reward 35.6 , Distance 008.7, Reach Goal
2025-03-10 12:54:12,300 - INFO - Env 13, Goal (007.6, 004.5), Episode 00003, setp 002, Reward -15.0, Distance 008.8, Crashed
2025-03-10 12:54:12,300 - INFO - Env 02, Goal (-03.4, -04.8), Episode 00003, setp 005, Reward -14.6, Distance 008.8, Crashed
2025-03-10 12:54:12,700 - INFO - Env 10, Goal (006.2, 002.0), Episode 00002, setp 054, Reward -7.3 , Distance 008.2, Crashed
2025-03-10 12:54:12,700 - INFO - Env 02, Goal (-03.9, -04.6), Episode 00004, setp 002, Reward -15.0, Distance 008.2, Crashed
2025-03-10 12:54:13,098 - INFO - Env 10, Goal (-05.2, -06.3), Episode 00003, setp 002, Reward -15.0, Distance 009.8, Crashed
2025-03-10 12:54:13,099 - INFO - Env 15, Goal (002.6, 001.2), Episode 00004, setp 033, Reward -9.5 , Distance 009.6, Crashed
2025-03-10 12:54:13,700 - INFO - Env 17, Goal (-01.6, -03.7), Episode 00002, setp 011, Reward -15.3, Distance 009.4, Crashed
2025-03-10 12:54:14,100 - INFO - Env 17, Goal (-06.7, -04.5), Episode 00003, setp 002, Reward -15.0, Distance 008.8, Crashed
2025-03-10 12:54:14,101 - INFO - Env 20, Goal (000.8, 003.8), Episode 00002, setp 036, Reward -9.9 , Distance 008.5, Crashed
2025-03-10 12:54:14,708 - INFO - Env 20, Goal (-07.9, -04.3), Episode 00003, setp 004, Reward -14.6, Distance 009.7, Crashed
2025-03-10 12:54:15,101 - INFO - Env 14, Goal (-02.2, 003.6), Episode 00002, setp 110, Reward 36.8 , Distance 009.4, Reach Goal
2025-03-10 12:54:15,600 - INFO - Env 07, Goal (-03.3, 007.0), Episode 00002, setp 111, Reward 36.4 , Distance 009.1, Reach Goal
2025-03-10 12:54:16,399 - INFO - Env 19, Goal (-06.0, -05.3), Episode 00003, setp 050, Reward -5.6 , Distance 008.8, Crashed
2025-03-10 12:54:16,699 - INFO - Env 06, Goal (006.9, 002.0), Episode 00002, setp 097, Reward 38.2 , Distance 009.9, Reach Goal
2025-03-10 12:54:17,099 - INFO - Env 15, Goal (-01.8, 001.6), Episode 00005, setp 019, Reward -11.7, Distance 008.9, Crashed
2025-03-10 12:54:17,100 - INFO - Env 06, Goal (005.0, -01.7), Episode 00003, setp 002, Reward -15.0, Distance 008.1, Crashed
2025-03-10 12:54:17,504 - INFO - Env 08, Goal (-04.6, -04.9), Episode 00002, setp 092, Reward 35.5 , Distance 008.8, Reach Goal
2025-03-10 12:54:17,800 - INFO - Env 11, Goal (-01.5, 005.5), Episode 00002, setp 050, Reward -9.1 , Distance 009.0, Crashed
2025-03-10 12:54:18,198 - INFO - Env 11, Goal (-06.3, 005.2), Episode 00003, setp 002, Reward -15.0, Distance 009.6, Crashed
2025-03-10 12:54:18,199 - INFO - Env 22, Goal (-01.8, 001.3), Episode 00002, setp 058, Reward -4.3 , Distance 008.7, Crashed
2025-03-10 12:54:18,600 - INFO - Env 22, Goal (-01.4, -03.2), Episode 00003, setp 002, Reward -14.8, Distance 009.1, Crashed
2025-03-10 12:54:18,600 - INFO - Env 16, Goal (001.0, -05.7), Episode 00002, setp 067, Reward -5.0 , Distance 009.3, Crashed
2025-03-10 12:54:18,899 - INFO - Env 23, Goal (-03.9, 002.6), Episode 00002, setp 116, Reward 35.5 , Distance 008.7, Reach Goal
