-0.041484810411930084, 13.729013442993164, -0.2559792995452881
-0.004512695595622063, 11.999576568603516, -0.25587940216064453
-0.03988005965948105, 8.386279106140137, -0.2558000087738037
0.02511875331401825, 13.52761459350586, -0.25572144985198975
0.011431008577346802, 22.71251106262207, -0.2556443214416504
0.04692002758383751, 13.191977500915527, -0.2556039094924927
-0.06708209216594696, 9.84542465209961, -0.2555619478225708
-0.040768057107925415, 11.320585250854492, -0.2555350065231323
-0.03640991821885109, 12.287261009216309, -0.2555044889450073
0.04410506784915924, 12.116097450256348, -0.2554817199707031
-0.042354851961135864, 10.37820053100586, -0.2554585933685303
0.019646665081381798, 11.435979843139648, -0.25543200969696045
-0.037178561091423035, 7.949159622192383, -0.25541234016418457
-0.0878276377916336, 11.249818801879883, -0.2553846836090088
-0.03189463913440704, 9.292369842529297, -0.2553619146347046
-0.020063072443008423, 14.9593505859375, -0.2553294897079468
-0.01924929954111576, 12.880863189697266, -0.25529253482818604
-0.048888757824897766, 9.556465148925781, -0.25527381896972656
-0.02538096159696579, 12.510892868041992, -0.2552527189254761
-0.010286547243595123, 7.976897239685059, -0.25521814823150635
-0.06838621199131012, 12.383651733398438, -0.255193829536438
-0.015907568857073784, 8.93923568725586, -0.2551838159561157
0.008187878876924515, 10.483344078063965, -0.2551652193069458
-0.020240195095539093, 10.543804168701172, -0.2551513910293579
-0.045674774795770645, 14.29637622833252, -0.25513315200805664
0.002821146510541439, 12.208595275878906, -0.25511956214904785
-0.04817034304141998, 9.0875244140625, -0.25510239601135254
-0.05520661920309067, 9.526304244995117, -0.25508153438568115
-0.003013741225004196, 11.640647888183594, -0.25506865978240967
-0.0840887799859047, 8.384917259216309, -0.2550565004348755
-0.03960730507969856, 7.863863468170166, -0.2550368309020996
-0.013842437416315079, 11.52280044555664, -0.2550044059753418
-0.0372731015086174, 13.294784545898438, -0.25497400760650635
0.012317156419157982, 8.537312507629395, -0.25495684146881104
-0.006170820444822311, 13.738123893737793, -0.25493478775024414
-0.039553605020046234, 9.358603477478027, -0.2549172639846802
-0.07782645523548126, 8.342940330505371, -0.2549034357070923
-0.11114419996738434, 7.7545342445373535, -0.254888653755188
-0.06977415829896927, 7.459249973297119, -0.25487852096557617
-0.09619048982858658, 5.843966484069824, -0.25486719608306885
-0.12371689081192017, 8.920019149780273, -0.25485825538635254
-0.09181095659732819, 8.201004028320312, -0.254846453666687
-0.08923874795436859, 11.905681610107422, -0.2548433542251587
-0.08653666824102402, 4.965493679046631, -0.2548567056655884
-0.0015758061781525612, 10.865710258483887, -0.2548607587814331
-0.07441159337759018, 5.1141037940979, -0.2548600435256958
-0.07671782374382019, 11.078001022338867, -0.2548748254776001
-0.10654547810554504, 4.9728827476501465, -0.2548797130584717
-0.0566740557551384, 10.658336639404297, -0.2548896074295044
-0.053689144551754, 10.759687423706055, -0.2548978328704834
-0.12190476059913635, 6.069066047668457, -0.25491535663604736
-0.11008572578430176, 8.485669136047363, -0.2549334764480591
-0.0651344284415245, 8.098833084106445, -0.25496554374694824
-0.09772665053606033, 6.159868240356445, -0.25498783588409424
-0.059355564415454865, 4.456437110900879, -0.2550041675567627
-0.070185586810112, 3.1960959434509277, -0.2550307512283325
-0.05561552941799164, 6.8022990226745605, -0.25506091117858887
-0.0964575707912445, 7.052560806274414, -0.2550797462463379
-0.0804109051823616, 5.592678070068359, -0.25508785247802734
-0.10286295413970947, 9.257972717285156, -0.2551000118255615
-0.02416214346885681, 13.489087104797363, -0.2551008462905884
-0.1418130099773407, 7.514962196350098, -0.25511932373046875
-0.13448837399482727, 5.41988468170166, -0.2551407814025879
-0.07227172702550888, 6.081933975219727, -0.2551652193069458
-0.053693920373916626, 10.958721160888672, -0.2551865577697754
-0.07948151230812073, 5.287858963012695, -0.2552154064178467
-0.1859751045703888, 7.898653984069824, -0.2552448511123657
-0.07722622156143188, 7.580617427825928, -0.2552756071090698
-0.10163086652755737, 4.097803115844727, -0.25530409812927246
-0.06592690944671631, 7.562533855438232, -0.2553447484970093
-0.10383002460002899, 5.304309844970703, -0.25538361072540283
-0.06409017741680145, 6.735596179962158, -0.25542521476745605
-0.13797461986541748, 21.821983337402344, -0.2554590702056885
-0.13057750463485718, 16.546003341674805, -0.2554892301559448
-0.1481192409992218, 16.996213912963867, -0.25551366806030273
-0.16177111864089966, 17.489395141601562, -0.2555258274078369
-0.12848690152168274, 17.840656280517578, -0.2555246353149414
-0.11984878778457642, 21.687685012817383, -0.2555280923843384
-0.09140535444021225, 24.66653823852539, -0.2555568218231201
-0.08347777277231216, 20.857250213623047, -0.2555910348892212
-0.14503036439418793, 15.901611328125, -0.25562167167663574
-0.09563429653644562, 22.699787139892578, -0.2556518316268921
-0.1399347484111786, 16.022293090820312, -0.25570011138916016
-0.14673376083374023, 17.75779151916504, -0.25574934482574463
-0.13732752203941345, 14.753216743469238, -0.2557929754257202
-0.15516242384910583, 16.62112045288086, -0.255831241607666
-0.11904662847518921, 18.368297576904297, -0.25585925579071045
-0.13351523876190186, 19.25102996826172, -0.2559000253677368
-0.14352306723594666, 12.974861145019531, -0.25594067573547363
-0.11755143851041794, 17.972566604614258, -0.25598204135894775
-0.1277671605348587, 17.749311447143555, -0.2560161352157593
-0.19322188198566437, 9.524951934814453, -0.2560473680496216
-0.12631937861442566, 16.798067092895508, -0.25607800483703613
-0.13119524717330933, 16.43848419189453, -0.25610506534576416
-0.1156170517206192, 14.675863265991211, -0.2561243772506714
-0.07776973396539688, 19.014427185058594, -0.2561589479446411
-0.1417359709739685, 16.567806243896484, -0.2561953067779541
-0.17640843987464905, 11.814210891723633, -0.2562364339828491
-0.12380310893058777, 18.46909523010254, -0.2562737464904785
-0.12439233064651489, 17.891197204589844, -0.25631070137023926
-0.15311406552791595, 14.061920166015625, -0.25634753704071045
-0.1382790207862854, 16.15258026123047, -0.2563912868499756
-0.09139882028102875, 16.551464080810547, -0.25642871856689453
-0.1668660193681717, 11.85181999206543, -0.2564734220504761
-0.1714693158864975, 13.456632614135742, -0.25650763511657715
-0.14525958895683289, 10.352672576904297, -0.25655198097229004
-0.14304815232753754, 15.620797157287598, -0.25660133361816406
-0.0947975292801857, 15.056936264038086, -0.2566521167755127
-0.1932213455438614, 18.634565353393555, -0.25669991970062256
-0.20478588342666626, 16.226924896240234, -0.2567477226257324
-0.23822960257530212, 17.372032165527344, -0.2567824125289917
-0.19845780730247498, 16.172985076904297, -0.2568098306655884
-0.20894809067249298, 12.81513786315918, -0.2568354606628418
-0.22673030197620392, 11.909578323364258, -0.25686025619506836
-0.22628909349441528, 14.472933769226074, -0.25688719749450684
-0.17127737402915955, 22.039249420166016, -0.2569066286087036
-0.21725967526435852, 19.11652374267578, -0.25692200660705566
-0.19068215787410736, 17.264480590820312, -0.25692713260650635
-0.19650961458683014, 14.833772659301758, -0.25693511962890625
-0.19703030586242676, 16.372716903686523, -0.2569448947906494
-0.22219222784042358, 13.240446090698242, -0.2569533586502075
-0.23992855846881866, 12.619617462158203, -0.25695931911468506
-0.19869066774845123, 13.252019882202148, -0.2569708824157715
-0.21800413727760315, 14.00466537475586, -0.2569783926010132
-0.20818503201007843, 13.771766662597656, -0.25698673725128174
-0.20673918724060059, 16.654682159423828, -0.25699305534362793
-0.25204581022262573, 12.68233871459961, -0.2570033073425293
-0.22762982547283173, 12.92099380493164, -0.25701403617858887
-0.20400220155715942, 18.9945125579834, -0.25701844692230225
-0.20659956336021423, 13.874324798583984, -0.2570228576660156
-0.19589480757713318, 13.166609764099121, -0.2570282220840454
-0.20816440880298615, 13.247729301452637, -0.25703752040863037
-0.2068232297897339, 13.66181755065918, -0.2570502758026123
-0.21885770559310913, 14.20829963684082, -0.25706589221954346
-0.20600095391273499, 13.610513687133789, -0.2570725679397583
-0.2154930680990219, 12.016490936279297, -0.25708115100860596
-0.23206840455532074, 11.385662078857422, -0.25709104537963867
-0.19477781653404236, 12.52124309539795, -0.2571038007736206
-0.22658094763755798, 14.058117866516113, -0.2571204900741577
-0.20991714298725128, 14.45612621307373, -0.2571403980255127
-0.2863227128982544, 24.97374725341797, -0.2571573257446289
-0.2961806356906891, 19.95162582397461, -0.2571791410446167
-0.31442010402679443, 26.02828598022461, -0.25718438625335693
-0.31820058822631836, 25.158916473388672, -0.25718212127685547
-0.28477317094802856, 25.896181106567383, -0.2571789026260376
-0.29408562183380127, 23.66330337524414, -0.25716710090637207
-0.30539780855178833, 18.464170455932617, -0.2571629285812378
-0.3116299510002136, 13.449987411499023, -0.2571645975112915
-0.29260507225990295, 15.12844467163086, -0.2571718692779541
-0.29530268907546997, 20.206451416015625, -0.2571755647659302
-0.306687593460083, 25.662166595458984, -0.2571824789047241
-0.33144131302833557, 22.28158950805664, -0.2571955919265747
-0.2905728816986084, 27.25259780883789, -0.2572009563446045
-0.2913419008255005, 23.968711853027344, -0.25720977783203125
-0.329866886138916, 15.997624397277832, -0.25720739364624023
-0.32120567560195923, 20.698932647705078, -0.2571970224380493
-0.3135110139846802, 20.423744201660156, -0.2571868896484375
-0.28911522030830383, 22.624284744262695, -0.257175087928772
-0.28554773330688477, 23.621070861816406, -0.25717031955718994
-0.29207897186279297, 19.470867156982422, -0.25717711448669434
-0.3015284836292267, 16.720571517944336, -0.25717592239379883
-0.31891125440597534, 14.828720092773438, -0.257183313369751
-0.30653873085975647, 19.34662437438965, -0.25718462467193604
-0.2989387512207031, 13.919776916503906, -0.25718629360198975
-0.30164119601249695, 16.973133087158203, -0.2571927309036255
-0.3049657940864563, 34.92863845825195, -0.2571985721588135
-0.3068813681602478, 20.144603729248047, -0.2572014331817627
-0.305072158575058, 13.040267944335938, -0.25721120834350586
-0.27445340156555176, 19.002578735351562, -0.25723040103912354
-0.27925199270248413, 31.65276527404785, -0.25724542140960693
-0.2714208960533142, 15.03089427947998, -0.257254958152771
-0.26999348402023315, 23.2324275970459, -0.2572591304779053
-0.28168705105781555, 21.905532836914062, -0.2572669982910156
-0.2838780879974365, 22.040359497070312, -0.257279634475708
-0.2807144522666931, 22.512065887451172, -0.2572920322418213
-0.2844541072845459, 27.691268920898438, -0.2573028802871704
-0.2846544086933136, 17.301639556884766, -0.25730907917022705
-0.3208196759223938, 15.175154685974121, -0.2573150396347046
-0.24371689558029175, 27.76955795288086, -0.25732576847076416
-0.2889953553676605, 22.63461685180664, -0.25733447074890137
-0.2662678360939026, 29.47747039794922, -0.2573435306549072
-0.283380389213562, 21.36787986755371, -0.25735318660736084
-0.27721819281578064, 20.72319984436035, -0.25736188888549805
-0.2812053859233856, 17.18597412109375, -0.25737547874450684
-0.2592684328556061, 19.78905487060547, -0.2573889493942261
-0.3000006675720215, 21.655824661254883, -0.2574026584625244
-0.27289706468582153, 20.848918914794922, -0.2574208974838257
-0.28869563341140747, 17.71163558959961, -0.2574472427368164
-0.28718388080596924, 23.27727699279785, -0.25747954845428467
-0.29789507389068604, 21.073078155517578, -0.25750231742858887
-0.2760593593120575, 21.877424240112305, -0.257529616355896
-0.2774621248245239, 22.593074798583984, -0.25755441188812256
-0.287670373916626, 18.30689811706543, -0.25758516788482666
-0.2766307592391968, 21.449066162109375, -0.257609486579895
-0.30194056034088135, 20.235837936401367, -0.2576330900192261
-0.28284013271331787, 16.358596801757812, -0.25765419006347656
-0.2968871295452118, 25.017078399658203, -0.2576756477355957
-0.2750898003578186, 22.72368812561035, -0.25770723819732666
-0.26622888445854187, 23.66244888305664, -0.2577439546585083
-0.28613004088401794, 17.35207748413086, -0.25778162479400635
-0.0041296156123280525, 18.067691802978516, 0.5469527244567871
-0.007456927560269833, 19.967967987060547, 0.5470526218414307
0.014422144740819931, 21.236846923828125, 0.5470294952392578
0.006259320303797722, 19.58489227294922, 0.5469881296157837
0.027907323092222214, 18.759756088256836, 0.5469516515731812
-0.04622712731361389, 18.055252075195312, 0.5469166040420532
